;  LST file generated by mikroListExporter - v.2.0 
; Date/Time: 02.03.2014 19:51:09
;----------------------------------------------

;Address Opcode 	ASM
0x0000	0xF004EFE4  	GOTO        2504
_interrupt:
;frequencycounter.c,208 :: 		void interrupt(void) {
0x0008	0xF015C000  	MOVFF       R0, 21
;frequencycounter.c,211 :: 		if (PIR1.CCP1IF){
0x000C	0xA49E      	BTFSS       PIR1, 2 
0x000E	0xD00D      	BRA         L_interrupt7
;frequencycounter.c,217 :: 		MOVF        CCPR1H+0, 0
0x0010	0x50BF      	MOVF        CCPR1H, 0, 0
;frequencycounter.c,218 :: 		MOVWF       _capturedData+1
0x0012	0x6E1D      	MOVWF       _capturedData+1, 0
;frequencycounter.c,219 :: 		MOVF        CCPR1L+0, 0
0x0014	0x50BE      	MOVF        CCPR1L, 0, 0
;frequencycounter.c,220 :: 		MOVWF       _capturedData+0
0x0016	0x6E1C      	MOVWF       _capturedData, 0
;frequencycounter.c,221 :: 		BCF         T1CON+0, 0
0x0018	0x90CD      	BCF         T1CON, 0, 0
;frequencycounter.c,222 :: 		CLRF        TMR1H+0
0x001A	0x6ACF      	CLRF        TMR1H, 0
;frequencycounter.c,223 :: 		CLRF        TMR1L+0
0x001C	0x6ACE      	CLRF        TMR1L, 0
;frequencycounter.c,224 :: 		BSF         T1CON+0, 5
0x001E	0x8ACD      	BSF         T1CON, 5, 0
;frequencycounter.c,225 :: 		BCF         T1CON+0, 4
0x0020	0x98CD      	BCF         T1CON, 4, 0
;frequencycounter.c,226 :: 		BCF         PIR1+0, 0
0x0022	0x909E      	BCF         PIR1, 0, 0
;frequencycounter.c,227 :: 		BSF         T1CON+0, 0
0x0024	0x80CD      	BSF         T1CON, 0, 0
;frequencycounter.c,245 :: 		storeInput() ;                   // copy the captured data to the array of samples.
0x0026	0xDA48      	RCALL       _storeInput
;frequencycounter.c,246 :: 		PIR1.CCP1IF = 0 ;                // clear capture flag after grabbing data
0x0028	0x949E      	BCF         PIR1, 2 
;frequencycounter.c,247 :: 		}
L_interrupt7:
;frequencycounter.c,248 :: 		}
L_end_interrupt:
L__interrupt21:
0x002A	0xF000C015  	MOVFF       21, R0
0x002E	0x0011      	RETFIE      1
; end of _interrupt
_Delay_5500us:
;__Lib_Delays.c,31 :: 		void Delay_5500us() {
;__Lib_Delays.c,32 :: 		Delay_us(5500);
0x0030	0x0E24      	MOVLW       36
0x0032	0x6E0C      	MOVWF       R12, 0
0x0034	0x0EB5      	MOVLW       181
0x0036	0x6E0D      	MOVWF       R13, 0
L_Delay_5500us5:
0x0038	0x2E0D      	DECFSZ      R13, 1, 0
0x003A	0xD7FE      	BRA         L_Delay_5500us5
0x003C	0x2E0C      	DECFSZ      R12, 1, 0
0x003E	0xD7FC      	BRA         L_Delay_5500us5
0x0040	0x0000      	NOP
0x0042	0x0000      	NOP
;__Lib_Delays.c,33 :: 		}
L_end_Delay_5500us:
0x0044	0x0012      	RETURN      0
; end of _Delay_5500us
_Delay_50us:
;__Lib_Delays.c,19 :: 		void Delay_50us() {
;__Lib_Delays.c,20 :: 		Delay_us(50);
0x0046	0x0E53      	MOVLW       83
0x0048	0x6E0D      	MOVWF       R13, 0
L_Delay_50us2:
0x004A	0x2E0D      	DECFSZ      R13, 1, 0
0x004C	0xD7FE      	BRA         L_Delay_50us2
;__Lib_Delays.c,21 :: 		}
L_end_Delay_50us:
0x004E	0x0012      	RETURN      0
; end of _Delay_50us
_Delay_1us:
;__Lib_Delays.c,7 :: 		void Delay_1us() {
;__Lib_Delays.c,8 :: 		Delay_us(1);
0x0050	0x0000      	NOP
0x0052	0x0000      	NOP
0x0054	0x0000      	NOP
0x0056	0x0000      	NOP
0x0058	0x0000      	NOP
;__Lib_Delays.c,9 :: 		}
L_end_Delay_1us:
0x005A	0x0012      	RETURN      0
; end of _Delay_1us
_Lcd_Cmd:
;__Lib_Lcd.c,18 :: 		
;__Lib_Lcd.c,20 :: 		
0x005C	0x0100      	MOVLB       0
0x005E	0xBF6D      	BTFSC       FARG_Lcd_Cmd_out_char, 7, 1
0x0060	0xD002      	BRA         L__Lcd_Cmd21
0x0062	0x9E81      	BCF         LCD_D7, BitPos(LCD_D7+0) 
0x0064	0xD001      	BRA         L__Lcd_Cmd22
L__Lcd_Cmd21:
0x0066	0x8E81      	BSF         LCD_D7, BitPos(LCD_D7+0) 
L__Lcd_Cmd22:
;__Lib_Lcd.c,21 :: 		
0x0068	0xBD6D      	BTFSC       FARG_Lcd_Cmd_out_char, 6, 1
0x006A	0xD002      	BRA         L__Lcd_Cmd23
0x006C	0x9C81      	BCF         LCD_D6, BitPos(LCD_D6+0) 
0x006E	0xD001      	BRA         L__Lcd_Cmd24
L__Lcd_Cmd23:
0x0070	0x8C81      	BSF         LCD_D6, BitPos(LCD_D6+0) 
L__Lcd_Cmd24:
;__Lib_Lcd.c,22 :: 		
0x0072	0xBB6D      	BTFSC       FARG_Lcd_Cmd_out_char, 5, 1
0x0074	0xD002      	BRA         L__Lcd_Cmd25
0x0076	0x9A81      	BCF         LCD_D5, BitPos(LCD_D5+0) 
0x0078	0xD001      	BRA         L__Lcd_Cmd26
L__Lcd_Cmd25:
0x007A	0x8A81      	BSF         LCD_D5, BitPos(LCD_D5+0) 
L__Lcd_Cmd26:
;__Lib_Lcd.c,23 :: 		
0x007C	0xB96D      	BTFSC       FARG_Lcd_Cmd_out_char, 4, 1
0x007E	0xD002      	BRA         L__Lcd_Cmd27
0x0080	0x9881      	BCF         LCD_D4, BitPos(LCD_D4+0) 
0x0082	0xD001      	BRA         L__Lcd_Cmd28
L__Lcd_Cmd27:
0x0084	0x8881      	BSF         LCD_D4, BitPos(LCD_D4+0) 
L__Lcd_Cmd28:
;__Lib_Lcd.c,25 :: 		
0x0086	0xB037      	BTFSC       __Lib_Lcd_cmd_status, BitPos(__Lib_Lcd_cmd_status+0) 
0x0088	0xD002      	BRA         L__Lcd_Cmd29
0x008A	0x8481      	BSF         LCD_RS, BitPos(LCD_RS+0) 
0x008C	0xD001      	BRA         L__Lcd_Cmd30
L__Lcd_Cmd29:
0x008E	0x9481      	BCF         LCD_RS, BitPos(LCD_RS+0) 
L__Lcd_Cmd30:
;__Lib_Lcd.c,28 :: 		
0x0090	0x8681      	BSF         LCD_EN, BitPos(LCD_EN+0) 
;__Lib_Lcd.c,29 :: 		
0x0092	0xDFDE      	RCALL       _Delay_1us
;__Lib_Lcd.c,30 :: 		
0x0094	0x9681      	BCF         LCD_EN, BitPos(LCD_EN+0) 
;__Lib_Lcd.c,33 :: 		
0x0096	0xB76D      	BTFSC       FARG_Lcd_Cmd_out_char, 3, 1
0x0098	0xD002      	BRA         L__Lcd_Cmd31
0x009A	0x9E81      	BCF         LCD_D7, BitPos(LCD_D7+0) 
0x009C	0xD001      	BRA         L__Lcd_Cmd32
L__Lcd_Cmd31:
0x009E	0x8E81      	BSF         LCD_D7, BitPos(LCD_D7+0) 
L__Lcd_Cmd32:
;__Lib_Lcd.c,34 :: 		
0x00A0	0xB56D      	BTFSC       FARG_Lcd_Cmd_out_char, 2, 1
0x00A2	0xD002      	BRA         L__Lcd_Cmd33
0x00A4	0x9C81      	BCF         LCD_D6, BitPos(LCD_D6+0) 
0x00A6	0xD001      	BRA         L__Lcd_Cmd34
L__Lcd_Cmd33:
0x00A8	0x8C81      	BSF         LCD_D6, BitPos(LCD_D6+0) 
L__Lcd_Cmd34:
;__Lib_Lcd.c,35 :: 		
0x00AA	0xB36D      	BTFSC       FARG_Lcd_Cmd_out_char, 1, 1
0x00AC	0xD002      	BRA         L__Lcd_Cmd35
0x00AE	0x9A81      	BCF         LCD_D5, BitPos(LCD_D5+0) 
0x00B0	0xD001      	BRA         L__Lcd_Cmd36
L__Lcd_Cmd35:
0x00B2	0x8A81      	BSF         LCD_D5, BitPos(LCD_D5+0) 
L__Lcd_Cmd36:
;__Lib_Lcd.c,36 :: 		
0x00B4	0xB16D      	BTFSC       FARG_Lcd_Cmd_out_char, 0, 1
0x00B6	0xD002      	BRA         L__Lcd_Cmd37
0x00B8	0x9881      	BCF         LCD_D4, BitPos(LCD_D4+0) 
0x00BA	0xD001      	BRA         L__Lcd_Cmd38
L__Lcd_Cmd37:
0x00BC	0x8881      	BSF         LCD_D4, BitPos(LCD_D4+0) 
L__Lcd_Cmd38:
;__Lib_Lcd.c,38 :: 		
0x00BE	0xB037      	BTFSC       __Lib_Lcd_cmd_status, BitPos(__Lib_Lcd_cmd_status+0) 
0x00C0	0xD002      	BRA         L__Lcd_Cmd39
0x00C2	0x8481      	BSF         LCD_RS, BitPos(LCD_RS+0) 
0x00C4	0xD001      	BRA         L__Lcd_Cmd40
L__Lcd_Cmd39:
0x00C6	0x9481      	BCF         LCD_RS, BitPos(LCD_RS+0) 
L__Lcd_Cmd40:
;__Lib_Lcd.c,40 :: 		
0x00C8	0x8681      	BSF         LCD_EN, BitPos(LCD_EN+0) 
;__Lib_Lcd.c,41 :: 		
0x00CA	0xDFC2      	RCALL       _Delay_1us
;__Lib_Lcd.c,42 :: 		
0x00CC	0x9681      	BCF         LCD_EN, BitPos(LCD_EN+0) 
;__Lib_Lcd.c,44 :: 		
0x00CE	0xA037      	BTFSS       __Lib_Lcd_cmd_status, BitPos(__Lib_Lcd_cmd_status+0) 
0x00D0	0xD002      	BRA         L_Lcd_Cmd0
;__Lib_Lcd.c,45 :: 		
0x00D2	0xDFAE      	RCALL       _Delay_5500us
0x00D4	0xD001      	BRA         L_Lcd_Cmd1
L_Lcd_Cmd0:
;__Lib_Lcd.c,47 :: 		
0x00D6	0xDFB7      	RCALL       _Delay_50us
L_Lcd_Cmd1:
;__Lib_Lcd.c,48 :: 		
L_end_Lcd_Cmd:
0x00D8	0x0012      	RETURN      0
; end of _Lcd_Cmd
_Mul_32x32_U:
;__Lib_Math.c,1616 :: 		
;__Lib_Math.c,1631 :: 		
0x00DA	0x0E22      	MOVLW       34
;__Lib_Math.c,1632 :: 		
0x00DC	0x6E0C      	MOVWF       R12, 0
;__Lib_Math.c,1633 :: 		
0x00DE	0x6A08      	CLRF        R8, 0
;__Lib_Math.c,1634 :: 		
0x00E0	0x6A09      	CLRF        R9, 0
;__Lib_Math.c,1635 :: 		
0x00E2	0x6A0A      	CLRF        R10, 0
;__Lib_Math.c,1636 :: 		
0x00E4	0x6A0B      	CLRF        R11, 0
;__Lib_Math.c,1638 :: 		
_NEXT:
;__Lib_Math.c,1642 :: 		
0x00E6	0x060C      	DECF        R12, 1, 0
;__Lib_Math.c,1643 :: 		
0x00E8	0xB4D8      	BTFSC       STATUS, 2, 0
;__Lib_Math.c,1644 :: 		
0x00EA	0xD01F      	BRA         _EXIT2
;__Lib_Math.c,1645 :: 		
0x00EC	0x90D8      	BCF         STATUS, 0, 0
;__Lib_Math.c,1647 :: 		
_LOOP:
;__Lib_Math.c,1656 :: 		
0x00EE	0x320B      	RRCF        R11, 1, 0
;__Lib_Math.c,1657 :: 		
0x00F0	0x320A      	RRCF        R10, 1, 0
;__Lib_Math.c,1658 :: 		
0x00F2	0x3209      	RRCF        R9, 1, 0
;__Lib_Math.c,1659 :: 		
0x00F4	0x3208      	RRCF        R8, 1, 0
;__Lib_Math.c,1660 :: 		
0x00F6	0x3203      	RRCF        R3, 1, 0
;__Lib_Math.c,1661 :: 		
0x00F8	0x3202      	RRCF        R2, 1, 0
;__Lib_Math.c,1662 :: 		
0x00FA	0x3201      	RRCF        R1, 1, 0
;__Lib_Math.c,1663 :: 		
0x00FC	0x3200      	RRCF        R0, 1, 0
;__Lib_Math.c,1668 :: 		
0x00FE	0xA0D8      	BTFSS       STATUS, 0, 0
;__Lib_Math.c,1669 :: 		
0x0100	0xD7F2      	BRA         _NEXT
;__Lib_Math.c,1670 :: 		
0x0102	0x060C      	DECF        R12, 1, 0
;__Lib_Math.c,1671 :: 		
0x0104	0xB4D8      	BTFSC       STATUS, 2, 0
;__Lib_Math.c,1672 :: 		
0x0106	0xD009      	BRA         _EXIT1
;__Lib_Math.c,1679 :: 		
0x0108	0x5004      	MOVF        R4, 0, 0
;__Lib_Math.c,1680 :: 		
0x010A	0x2608      	ADDWF       R8, 1, 0
;__Lib_Math.c,1681 :: 		
0x010C	0x5005      	MOVF        R5, 0, 0
;__Lib_Math.c,1684 :: 		
0x010E	0x2209      	ADDWFC      R9, 1, 0
;__Lib_Math.c,1685 :: 		
0x0110	0x5006      	MOVF        R6, 0, 0
;__Lib_Math.c,1688 :: 		
0x0112	0x220A      	ADDWFC      R10, 1, 0
;__Lib_Math.c,1689 :: 		
0x0114	0x5007      	MOVF        R7, 0, 0
;__Lib_Math.c,1692 :: 		
0x0116	0x220B      	ADDWFC      R11, 1, 0
;__Lib_Math.c,1694 :: 		
0x0118	0xD7EA      	BRA         _LOOP
;__Lib_Math.c,1696 :: 		
_EXIT1:
;__Lib_Math.c,1701 :: 		
0x011A	0x5004      	MOVF        R4, 0, 0
;__Lib_Math.c,1702 :: 		
0x011C	0x2608      	ADDWF       R8, 1, 0
;__Lib_Math.c,1703 :: 		
0x011E	0x5005      	MOVF        R5, 0, 0
;__Lib_Math.c,1706 :: 		
0x0120	0x2209      	ADDWFC      R9, 1, 0
;__Lib_Math.c,1707 :: 		
0x0122	0x5006      	MOVF        R6, 0, 0
;__Lib_Math.c,1710 :: 		
0x0124	0x220A      	ADDWFC      R10, 1, 0
;__Lib_Math.c,1711 :: 		
0x0126	0x5007      	MOVF        R7, 0, 0
;__Lib_Math.c,1714 :: 		
0x0128	0x220B      	ADDWFC      R11, 1, 0
;__Lib_Math.c,1717 :: 		
_EXIT2:
;__Lib_Math.c,1719 :: 		
L_end_Mul_32x32_U:
0x012A	0x0012      	RETURN      0
; end of _Mul_32x32_U
_Lcd_Chr:
;__Lib_Lcd.c,65 :: 		
;__Lib_Lcd.c,66 :: 		
0x012C	0xD010      	BRA         L_Lcd_Chr4
;__Lib_Lcd.c,67 :: 		
L_Lcd_Chr6:
0x012E	0x0E80      	MOVLW       128
0x0130	0x0100      	MOVLB       0
0x0132	0x6F6A      	MOVWF       FARG_Lcd_Chr_row, 1
0x0134	0xD01A      	BRA         L_Lcd_Chr5
;__Lib_Lcd.c,68 :: 		
L_Lcd_Chr7:
0x0136	0x0EC0      	MOVLW       192
0x0138	0x6F6A      	MOVWF       FARG_Lcd_Chr_row, 1
0x013A	0xD017      	BRA         L_Lcd_Chr5
;__Lib_Lcd.c,69 :: 		
L_Lcd_Chr8:
0x013C	0x0E94      	MOVLW       148
0x013E	0x6F6A      	MOVWF       FARG_Lcd_Chr_row, 1
0x0140	0xD014      	BRA         L_Lcd_Chr5
;__Lib_Lcd.c,70 :: 		
L_Lcd_Chr9:
0x0142	0x0ED4      	MOVLW       212
0x0144	0x6F6A      	MOVWF       FARG_Lcd_Chr_row, 1
0x0146	0xD011      	BRA         L_Lcd_Chr5
;__Lib_Lcd.c,71 :: 		
L_Lcd_Chr10:
0x0148	0x0E80      	MOVLW       128
0x014A	0x6F6A      	MOVWF       FARG_Lcd_Chr_row, 1
;__Lib_Lcd.c,72 :: 		
0x014C	0xD00E      	BRA         L_Lcd_Chr5
L_Lcd_Chr4:
0x014E	0x0100      	MOVLB       0
0x0150	0x516A      	MOVF        FARG_Lcd_Chr_row, 0, 1
0x0152	0x0A01      	XORLW       1
0x0154	0xE0EC      	BZ          L_Lcd_Chr6
0x0156	0x516A      	MOVF        FARG_Lcd_Chr_row, 0, 1
0x0158	0x0A02      	XORLW       2
0x015A	0xE0ED      	BZ          L_Lcd_Chr7
0x015C	0x516A      	MOVF        FARG_Lcd_Chr_row, 0, 1
0x015E	0x0A03      	XORLW       3
0x0160	0xE0ED      	BZ          L_Lcd_Chr8
0x0162	0x516A      	MOVF        FARG_Lcd_Chr_row, 0, 1
0x0164	0x0A04      	XORLW       4
0x0166	0xE0ED      	BZ          L_Lcd_Chr9
0x0168	0xD7EF      	BRA         L_Lcd_Chr10
L_Lcd_Chr5:
;__Lib_Lcd.c,74 :: 		
0x016A	0x056B      	DECF        FARG_Lcd_Chr_column, 0, 1
0x016C	0x6E00      	MOVWF       R0 
0x016E	0x516A      	MOVF        FARG_Lcd_Chr_row, 0, 1
0x0170	0x2600      	ADDWF       R0, 1 
0x0172	0xF06AC000  	MOVFF       R0, FARG_Lcd_Chr_row
;__Lib_Lcd.c,76 :: 		
0x0176	0x8037      	BSF         __Lib_Lcd_cmd_status, BitPos(__Lib_Lcd_cmd_status+0) 
;__Lib_Lcd.c,77 :: 		
0x0178	0xF06DC000  	MOVFF       R0, FARG_Lcd_Cmd_out_char
0x017C	0xDF6F      	RCALL       _Lcd_Cmd
;__Lib_Lcd.c,79 :: 		
0x017E	0x9037      	BCF         __Lib_Lcd_cmd_status, BitPos(__Lib_Lcd_cmd_status+0) 
;__Lib_Lcd.c,80 :: 		
0x0180	0xF06DC06C  	MOVFF       FARG_Lcd_Chr_out_char, FARG_Lcd_Cmd_out_char
0x0184	0xDF6B      	RCALL       _Lcd_Cmd
;__Lib_Lcd.c,81 :: 		
0x0186	0x8037      	BSF         __Lib_Lcd_cmd_status, BitPos(__Lib_Lcd_cmd_status+0) 
;__Lib_Lcd.c,82 :: 		
L_end_Lcd_Chr:
0x0188	0x0012      	RETURN      0
; end of _Lcd_Chr
_Div_16x16_U:
;__Lib_Math.c,102 :: 		
;__Lib_Math.c,109 :: 		
0x018A	0x6A08      	CLRF        R8, 0
;__Lib_Math.c,110 :: 		
0x018C	0x6A09      	CLRF        R9, 0
;__Lib_Math.c,111 :: 		
0x018E	0x0E10      	MOVLW       16
;__Lib_Math.c,112 :: 		
0x0190	0x6E0C      	MOVWF       R12, 0
;__Lib_Math.c,113 :: 		
0x0192	0x3401      	RLCF        R1, 0, 0
;__Lib_Math.c,114 :: 		
0x0194	0x3608      	RLCF        R8, 1, 0
;__Lib_Math.c,115 :: 		
0x0196	0x3609      	RLCF        R9, 1, 0
;__Lib_Math.c,116 :: 		
0x0198	0x5004      	MOVF        R4, 0, 0
;__Lib_Math.c,117 :: 		
0x019A	0x5E08      	SUBWF       R8, 1, 0
;__Lib_Math.c,118 :: 		
0x019C	0x5005      	MOVF        R5, 0, 0
;__Lib_Math.c,119 :: 		
0x019E	0xA0D8      	BTFSS       STATUS, 0, 0
;__Lib_Math.c,120 :: 		
0x01A0	0x3C05      	INCFSZ      R5, 0, 0
;__Lib_Math.c,121 :: 		
0x01A2	0x5E09      	SUBWF       R9, 1, 0
;__Lib_Math.c,122 :: 		
0x01A4	0xB0D8      	BTFSC       STATUS, 0, 0
;__Lib_Math.c,123 :: 		
0x01A6	0xD007      	BRA         $+16
;__Lib_Math.c,124 :: 		
0x01A8	0x5004      	MOVF        R4, 0, 0
;__Lib_Math.c,125 :: 		
0x01AA	0x2608      	ADDWF       R8, 1, 0
;__Lib_Math.c,126 :: 		
0x01AC	0x5005      	MOVF        R5, 0, 0
;__Lib_Math.c,127 :: 		
0x01AE	0xB0D8      	BTFSC       STATUS, 0, 0
;__Lib_Math.c,128 :: 		
0x01B0	0x3C05      	INCFSZ      R5, 0, 0
;__Lib_Math.c,129 :: 		
0x01B2	0x2609      	ADDWF       R9, 1, 0
;__Lib_Math.c,130 :: 		
0x01B4	0x90D8      	BCF         STATUS, 0, 0
;__Lib_Math.c,131 :: 		
0x01B6	0x3600      	RLCF        R0, 1, 0
;__Lib_Math.c,132 :: 		
0x01B8	0x3601      	RLCF        R1, 1, 0
;__Lib_Math.c,133 :: 		
0x01BA	0x2E0C      	DECFSZ      R12, 1, 0
;__Lib_Math.c,134 :: 		
0x01BC	0xD7EA      	BRA         $-42
;__Lib_Math.c,136 :: 		
L_end_Div_16x16_U:
0x01BE	0x0012      	RETURN      0
; end of _Div_16x16_U
_Lcd_Chr_CP:
;__Lib_Lcd.c,50 :: 		
;__Lib_Lcd.c,52 :: 		
0x01C0	0x9037      	BCF         __Lib_Lcd_cmd_status, BitPos(__Lib_Lcd_cmd_status+0) 
;__Lib_Lcd.c,53 :: 		
0x01C2	0xF06DC060  	MOVFF       FARG_Lcd_Chr_CP_out_char, FARG_Lcd_Cmd_out_char
0x01C6	0xDF4A      	RCALL       _Lcd_Cmd
;__Lib_Lcd.c,54 :: 		
0x01C8	0x8037      	BSF         __Lib_Lcd_cmd_status, BitPos(__Lib_Lcd_cmd_status+0) 
;__Lib_Lcd.c,55 :: 		
L_end_Lcd_Chr_CP:
0x01CA	0x0012      	RETURN      0
; end of _Lcd_Chr_CP
_Div_32x32_U:
;__Lib_Math.c,1162 :: 		
;__Lib_Math.c,1173 :: 		
0x01CC	0x6A0B      	CLRF        R11, 0
;__Lib_Math.c,1174 :: 		
0x01CE	0x6A0A      	CLRF        R10, 0
;__Lib_Math.c,1175 :: 		
0x01D0	0x6A09      	CLRF        R9, 0
;__Lib_Math.c,1176 :: 		
0x01D2	0x6A08      	CLRF        R8, 0
;__Lib_Math.c,1178 :: 		
0x01D4	0x6A0E      	CLRF        R14, 0
;__Lib_Math.c,1180 :: 		
0x01D6	0x3403      	RLCF        R3, 0, 0
;__Lib_Math.c,1181 :: 		
0x01D8	0x3608      	RLCF        R8, 1, 0
;__Lib_Math.c,1182 :: 		
0x01DA	0x5004      	MOVF        R4, 0, 0
;__Lib_Math.c,1183 :: 		
0x01DC	0x5E08      	SUBWF       R8, 1, 0
;__Lib_Math.c,1184 :: 		
0x01DE	0x5005      	MOVF        R5, 0, 0
;__Lib_Math.c,1185 :: 		
0x01E0	0xA0D8      	BTFSS       STATUS, 0, 0
;__Lib_Math.c,1186 :: 		
0x01E2	0x3C05      	INCFSZ      R5, 0, 0
;__Lib_Math.c,1187 :: 		
0x01E4	0x5E09      	SUBWF       R9, 1, 0
;__Lib_Math.c,1188 :: 		
0x01E6	0x5006      	MOVF        R6, 0, 0
;__Lib_Math.c,1189 :: 		
0x01E8	0xA0D8      	BTFSS       STATUS, 0, 0
;__Lib_Math.c,1190 :: 		
0x01EA	0x3C06      	INCFSZ      R6, 0, 0
;__Lib_Math.c,1191 :: 		
0x01EC	0x5E0A      	SUBWF       R10, 1, 0
;__Lib_Math.c,1192 :: 		
0x01EE	0x5007      	MOVF        R7, 0, 0
;__Lib_Math.c,1193 :: 		
0x01F0	0xA0D8      	BTFSS       STATUS, 0, 0
;__Lib_Math.c,1194 :: 		
0x01F2	0x3C07      	INCFSZ      R7, 0, 0
;__Lib_Math.c,1195 :: 		
0x01F4	0x5E0B      	SUBWF       R11, 1, 0
;__Lib_Math.c,1197 :: 		
0x01F6	0x6AE8      	CLRF        WREG, 0
;__Lib_Math.c,1198 :: 		
0x01F8	0xA0D8      	BTFSS       STATUS, 0, 0
;__Lib_Math.c,1199 :: 		
0x01FA	0x0E01      	MOVLW       1
;__Lib_Math.c,1200 :: 		
0x01FC	0x5E0E      	SUBWF       R14, 1, 0
;__Lib_Math.c,1201 :: 		
0x01FE	0x3603      	RLCF        R3, 1, 0
;__Lib_Math.c,1203 :: 		
0x0200	0x0E07      	MOVLW       7
;__Lib_Math.c,1204 :: 		
0x0202	0x6E0C      	MOVWF       R12, 0
;__Lib_Math.c,1206 :: 		
LOOPU3232A:
;__Lib_Math.c,1207 :: 		
0x0204	0x3403      	RLCF        R3, 0, 0
;__Lib_Math.c,1208 :: 		
0x0206	0x3608      	RLCF        R8, 1, 0
;__Lib_Math.c,1209 :: 		
0x0208	0x3609      	RLCF        R9, 1, 0
;__Lib_Math.c,1210 :: 		
0x020A	0x360A      	RLCF        R10, 1, 0
;__Lib_Math.c,1211 :: 		
0x020C	0x360B      	RLCF        R11, 1, 0
;__Lib_Math.c,1212 :: 		
0x020E	0x360E      	RLCF        R14, 1, 0
;__Lib_Math.c,1213 :: 		
0x0210	0x5004      	MOVF        R4, 0, 0
;__Lib_Math.c,1214 :: 		
0x0212	0xA003      	BTFSS       R3, 0, 0
;__Lib_Math.c,1215 :: 		
0x0214	0xD012      	BRA         UADD22LA
;__Lib_Math.c,1217 :: 		
0x0216	0x5E08      	SUBWF       R8, 1, 0
;__Lib_Math.c,1218 :: 		
0x0218	0x5005      	MOVF        R5, 0, 0
;__Lib_Math.c,1219 :: 		
0x021A	0xA0D8      	BTFSS       STATUS, 0, 0
;__Lib_Math.c,1220 :: 		
0x021C	0x3C05      	INCFSZ      R5, 0, 0
;__Lib_Math.c,1221 :: 		
0x021E	0x5E09      	SUBWF       R9, 1, 0
;__Lib_Math.c,1222 :: 		
0x0220	0x5006      	MOVF        R6, 0, 0
;__Lib_Math.c,1223 :: 		
0x0222	0xA0D8      	BTFSS       STATUS, 0, 0
;__Lib_Math.c,1224 :: 		
0x0224	0x3C06      	INCFSZ      R6, 0, 0
;__Lib_Math.c,1225 :: 		
0x0226	0x5E0A      	SUBWF       R10, 1, 0
;__Lib_Math.c,1226 :: 		
0x0228	0x5007      	MOVF        R7, 0, 0
;__Lib_Math.c,1227 :: 		
0x022A	0xA0D8      	BTFSS       STATUS, 0, 0
;__Lib_Math.c,1228 :: 		
0x022C	0x3C07      	INCFSZ      R7, 0, 0
;__Lib_Math.c,1229 :: 		
0x022E	0x5E0B      	SUBWF       R11, 1, 0
;__Lib_Math.c,1230 :: 		
0x0230	0x6AE8      	CLRF        WREG, 0
;__Lib_Math.c,1231 :: 		
0x0232	0xA0D8      	BTFSS       STATUS, 0, 0
;__Lib_Math.c,1232 :: 		
0x0234	0x0E01      	MOVLW       1
;__Lib_Math.c,1233 :: 		
0x0236	0x5E0E      	SUBWF       R14, 1, 0
;__Lib_Math.c,1234 :: 		
0x0238	0xD011      	BRA         UOK22LA
;__Lib_Math.c,1236 :: 		
UADD22LA:
;__Lib_Math.c,1237 :: 		
0x023A	0x2608      	ADDWF       R8, 1, 0
;__Lib_Math.c,1238 :: 		
0x023C	0x5005      	MOVF        R5, 0, 0
;__Lib_Math.c,1239 :: 		
0x023E	0xB0D8      	BTFSC       STATUS, 0, 0
;__Lib_Math.c,1240 :: 		
0x0240	0x3C05      	INCFSZ      R5, 0, 0
;__Lib_Math.c,1241 :: 		
0x0242	0x2609      	ADDWF       R9, 1, 0
;__Lib_Math.c,1242 :: 		
0x0244	0x5006      	MOVF        R6, 0, 0
;__Lib_Math.c,1243 :: 		
0x0246	0xB0D8      	BTFSC       STATUS, 0, 0
;__Lib_Math.c,1244 :: 		
0x0248	0x3C06      	INCFSZ      R6, 0, 0
;__Lib_Math.c,1245 :: 		
0x024A	0x260A      	ADDWF       R10, 1, 0
;__Lib_Math.c,1246 :: 		
0x024C	0x5007      	MOVF        R7, 0, 0
;__Lib_Math.c,1247 :: 		
0x024E	0xB0D8      	BTFSC       STATUS, 0, 0
;__Lib_Math.c,1248 :: 		
0x0250	0x3C07      	INCFSZ      R7, 0, 0
;__Lib_Math.c,1249 :: 		
0x0252	0x260B      	ADDWF       R11, 1, 0
;__Lib_Math.c,1250 :: 		
0x0254	0x6AE8      	CLRF        WREG, 0
;__Lib_Math.c,1251 :: 		
0x0256	0xB0D8      	BTFSC       STATUS, 0, 0
;__Lib_Math.c,1252 :: 		
0x0258	0x0E01      	MOVLW       1
;__Lib_Math.c,1253 :: 		
0x025A	0x260E      	ADDWF       R14, 1, 0
;__Lib_Math.c,1255 :: 		
UOK22LA:
;__Lib_Math.c,1256 :: 		
0x025C	0x3603      	RLCF        R3, 1, 0
;__Lib_Math.c,1258 :: 		
0x025E	0x2E0C      	DECFSZ      R12, 1, 0
;__Lib_Math.c,1259 :: 		
0x0260	0xD7D1      	BRA         LOOPU3232A
;__Lib_Math.c,1261 :: 		
0x0262	0x3402      	RLCF        R2, 0, 0
;__Lib_Math.c,1262 :: 		
0x0264	0x3608      	RLCF        R8, 1, 0
;__Lib_Math.c,1263 :: 		
0x0266	0x3609      	RLCF        R9, 1, 0
;__Lib_Math.c,1264 :: 		
0x0268	0x360A      	RLCF        R10, 1, 0
;__Lib_Math.c,1265 :: 		
0x026A	0x360B      	RLCF        R11, 1, 0
;__Lib_Math.c,1266 :: 		
0x026C	0x360E      	RLCF        R14, 1, 0
;__Lib_Math.c,1267 :: 		
0x026E	0x5004      	MOVF        R4, 0, 0
;__Lib_Math.c,1268 :: 		
0x0270	0xA003      	BTFSS       R3, 0, 0
;__Lib_Math.c,1269 :: 		
0x0272	0xD012      	BRA         UADD22L8
;__Lib_Math.c,1271 :: 		
0x0274	0x5E08      	SUBWF       R8, 1, 0
;__Lib_Math.c,1272 :: 		
0x0276	0x5005      	MOVF        R5, 0, 0
;__Lib_Math.c,1273 :: 		
0x0278	0xA0D8      	BTFSS       STATUS, 0, 0
;__Lib_Math.c,1274 :: 		
0x027A	0x3C05      	INCFSZ      R5, 0, 0
;__Lib_Math.c,1275 :: 		
0x027C	0x5E09      	SUBWF       R9, 1, 0
;__Lib_Math.c,1276 :: 		
0x027E	0x5006      	MOVF        R6, 0, 0
;__Lib_Math.c,1277 :: 		
0x0280	0xA0D8      	BTFSS       STATUS, 0, 0
;__Lib_Math.c,1278 :: 		
0x0282	0x3C06      	INCFSZ      R6, 0, 0
;__Lib_Math.c,1279 :: 		
0x0284	0x5E0A      	SUBWF       R10, 1, 0
;__Lib_Math.c,1280 :: 		
0x0286	0x5007      	MOVF        R7, 0, 0
;__Lib_Math.c,1281 :: 		
0x0288	0xA0D8      	BTFSS       STATUS, 0, 0
;__Lib_Math.c,1282 :: 		
0x028A	0x3C07      	INCFSZ      R7, 0, 0
;__Lib_Math.c,1283 :: 		
0x028C	0x5E0B      	SUBWF       R11, 1, 0
;__Lib_Math.c,1284 :: 		
0x028E	0x6AE8      	CLRF        WREG, 0
;__Lib_Math.c,1285 :: 		
0x0290	0xA0D8      	BTFSS       STATUS, 0, 0
;__Lib_Math.c,1286 :: 		
0x0292	0x0E01      	MOVLW       1
;__Lib_Math.c,1287 :: 		
0x0294	0x5E0E      	SUBWF       R14, 1, 0
;__Lib_Math.c,1288 :: 		
0x0296	0xD011      	BRA         UOK22L8
;__Lib_Math.c,1290 :: 		
UADD22L8:
;__Lib_Math.c,1291 :: 		
0x0298	0x2608      	ADDWF       R8, 1, 0
;__Lib_Math.c,1292 :: 		
0x029A	0x5005      	MOVF        R5, 0, 0
;__Lib_Math.c,1293 :: 		
0x029C	0xB0D8      	BTFSC       STATUS, 0, 0
;__Lib_Math.c,1294 :: 		
0x029E	0x3C05      	INCFSZ      R5, 0, 0
;__Lib_Math.c,1295 :: 		
0x02A0	0x2609      	ADDWF       R9, 1, 0
;__Lib_Math.c,1296 :: 		
0x02A2	0x5006      	MOVF        R6, 0, 0
;__Lib_Math.c,1297 :: 		
0x02A4	0xB0D8      	BTFSC       STATUS, 0, 0
;__Lib_Math.c,1298 :: 		
0x02A6	0x3C06      	INCFSZ      R6, 0, 0
;__Lib_Math.c,1299 :: 		
0x02A8	0x260A      	ADDWF       R10, 1, 0
;__Lib_Math.c,1300 :: 		
0x02AA	0x5007      	MOVF        R7, 0, 0
;__Lib_Math.c,1301 :: 		
0x02AC	0xB0D8      	BTFSC       STATUS, 0, 0
;__Lib_Math.c,1302 :: 		
0x02AE	0x3C07      	INCFSZ      R7, 0, 0
;__Lib_Math.c,1303 :: 		
0x02B0	0x260B      	ADDWF       R11, 1, 0
;__Lib_Math.c,1304 :: 		
0x02B2	0x6AE8      	CLRF        WREG, 0
;__Lib_Math.c,1305 :: 		
0x02B4	0xB0D8      	BTFSC       STATUS, 0, 0
;__Lib_Math.c,1306 :: 		
0x02B6	0x0E01      	MOVLW       1
;__Lib_Math.c,1307 :: 		
0x02B8	0x260E      	ADDWF       R14, 1, 0
;__Lib_Math.c,1309 :: 		
UOK22L8:
;__Lib_Math.c,1310 :: 		
0x02BA	0x3602      	RLCF        R2, 1, 0
;__Lib_Math.c,1312 :: 		
0x02BC	0x0E07      	MOVLW       7
;__Lib_Math.c,1313 :: 		
0x02BE	0x6E0C      	MOVWF       R12, 0
;__Lib_Math.c,1315 :: 		
LOOPU3232B:
;__Lib_Math.c,1316 :: 		
0x02C0	0x3402      	RLCF        R2, 0, 0
;__Lib_Math.c,1317 :: 		
0x02C2	0x3608      	RLCF        R8, 1, 0
;__Lib_Math.c,1318 :: 		
0x02C4	0x3609      	RLCF        R9, 1, 0
;__Lib_Math.c,1319 :: 		
0x02C6	0x360A      	RLCF        R10, 1, 0
;__Lib_Math.c,1320 :: 		
0x02C8	0x360B      	RLCF        R11, 1, 0
;__Lib_Math.c,1321 :: 		
0x02CA	0x360E      	RLCF        R14, 1, 0
;__Lib_Math.c,1322 :: 		
0x02CC	0x5004      	MOVF        R4, 0, 0
;__Lib_Math.c,1323 :: 		
0x02CE	0xA002      	BTFSS       R2, 0, 0
;__Lib_Math.c,1324 :: 		
0x02D0	0xD012      	BRA         UADD22LB
;__Lib_Math.c,1326 :: 		
0x02D2	0x5E08      	SUBWF       R8, 1, 0
;__Lib_Math.c,1327 :: 		
0x02D4	0x5005      	MOVF        R5, 0, 0
;__Lib_Math.c,1328 :: 		
0x02D6	0xA0D8      	BTFSS       STATUS, 0, 0
;__Lib_Math.c,1329 :: 		
0x02D8	0x3C05      	INCFSZ      R5, 0, 0
;__Lib_Math.c,1330 :: 		
0x02DA	0x5E09      	SUBWF       R9, 1, 0
;__Lib_Math.c,1331 :: 		
0x02DC	0x5006      	MOVF        R6, 0, 0
;__Lib_Math.c,1332 :: 		
0x02DE	0xA0D8      	BTFSS       STATUS, 0, 0
;__Lib_Math.c,1333 :: 		
0x02E0	0x3C06      	INCFSZ      R6, 0, 0
;__Lib_Math.c,1334 :: 		
0x02E2	0x5E0A      	SUBWF       R10, 1, 0
;__Lib_Math.c,1335 :: 		
0x02E4	0x5007      	MOVF        R7, 0, 0
;__Lib_Math.c,1336 :: 		
0x02E6	0xA0D8      	BTFSS       STATUS, 0, 0
;__Lib_Math.c,1337 :: 		
0x02E8	0x3C07      	INCFSZ      R7, 0, 0
;__Lib_Math.c,1338 :: 		
0x02EA	0x5E0B      	SUBWF       R11, 1, 0
;__Lib_Math.c,1339 :: 		
0x02EC	0x6AE8      	CLRF        WREG, 0
;__Lib_Math.c,1340 :: 		
0x02EE	0xA0D8      	BTFSS       STATUS, 0, 0
;__Lib_Math.c,1341 :: 		
0x02F0	0x0E01      	MOVLW       1
;__Lib_Math.c,1342 :: 		
0x02F2	0x5E0E      	SUBWF       R14, 1, 0
;__Lib_Math.c,1343 :: 		
0x02F4	0xD011      	BRA         UOK22LB
;__Lib_Math.c,1345 :: 		
UADD22LB:
;__Lib_Math.c,1346 :: 		
0x02F6	0x2608      	ADDWF       R8, 1, 0
;__Lib_Math.c,1347 :: 		
0x02F8	0x5005      	MOVF        R5, 0, 0
;__Lib_Math.c,1348 :: 		
0x02FA	0xB0D8      	BTFSC       STATUS, 0, 0
;__Lib_Math.c,1349 :: 		
0x02FC	0x3C05      	INCFSZ      R5, 0, 0
;__Lib_Math.c,1350 :: 		
0x02FE	0x2609      	ADDWF       R9, 1, 0
;__Lib_Math.c,1351 :: 		
0x0300	0x5006      	MOVF        R6, 0, 0
;__Lib_Math.c,1352 :: 		
0x0302	0xB0D8      	BTFSC       STATUS, 0, 0
;__Lib_Math.c,1353 :: 		
0x0304	0x3C06      	INCFSZ      R6, 0, 0
;__Lib_Math.c,1354 :: 		
0x0306	0x260A      	ADDWF       R10, 1, 0
;__Lib_Math.c,1355 :: 		
0x0308	0x5007      	MOVF        R7, 0, 0
;__Lib_Math.c,1356 :: 		
0x030A	0xB0D8      	BTFSC       STATUS, 0, 0
;__Lib_Math.c,1357 :: 		
0x030C	0x3C07      	INCFSZ      R7, 0, 0
;__Lib_Math.c,1358 :: 		
0x030E	0x260B      	ADDWF       R11, 1, 0
;__Lib_Math.c,1359 :: 		
0x0310	0x6AE8      	CLRF        WREG, 0
;__Lib_Math.c,1360 :: 		
0x0312	0xB0D8      	BTFSC       STATUS, 0, 0
;__Lib_Math.c,1361 :: 		
0x0314	0x0E01      	MOVLW       1
;__Lib_Math.c,1362 :: 		
0x0316	0x260E      	ADDWF       R14, 1, 0
;__Lib_Math.c,1364 :: 		
UOK22LB:
;__Lib_Math.c,1365 :: 		
0x0318	0x3602      	RLCF        R2, 1, 0
;__Lib_Math.c,1367 :: 		
0x031A	0x2E0C      	DECFSZ      R12, 1, 0
;__Lib_Math.c,1368 :: 		
0x031C	0xD7D1      	BRA         LOOPU3232B
;__Lib_Math.c,1370 :: 		
0x031E	0x3401      	RLCF        R1, 0, 0
;__Lib_Math.c,1371 :: 		
0x0320	0x3608      	RLCF        R8, 1, 0
;__Lib_Math.c,1372 :: 		
0x0322	0x3609      	RLCF        R9, 1, 0
;__Lib_Math.c,1373 :: 		
0x0324	0x360A      	RLCF        R10, 1, 0
;__Lib_Math.c,1374 :: 		
0x0326	0x360B      	RLCF        R11, 1, 0
;__Lib_Math.c,1375 :: 		
0x0328	0x360E      	RLCF        R14, 1, 0
;__Lib_Math.c,1376 :: 		
0x032A	0x5004      	MOVF        R4, 0, 0
;__Lib_Math.c,1377 :: 		
0x032C	0xA002      	BTFSS       R2, 0, 0
;__Lib_Math.c,1378 :: 		
0x032E	0xD012      	BRA         UADD22L16
;__Lib_Math.c,1380 :: 		
0x0330	0x5E08      	SUBWF       R8, 1, 0
;__Lib_Math.c,1381 :: 		
0x0332	0x5005      	MOVF        R5, 0, 0
;__Lib_Math.c,1382 :: 		
0x0334	0xA0D8      	BTFSS       STATUS, 0, 0
;__Lib_Math.c,1383 :: 		
0x0336	0x3C05      	INCFSZ      R5, 0, 0
;__Lib_Math.c,1384 :: 		
0x0338	0x5E09      	SUBWF       R9, 1, 0
;__Lib_Math.c,1385 :: 		
0x033A	0x5006      	MOVF        R6, 0, 0
;__Lib_Math.c,1386 :: 		
0x033C	0xA0D8      	BTFSS       STATUS, 0, 0
;__Lib_Math.c,1387 :: 		
0x033E	0x3C06      	INCFSZ      R6, 0, 0
;__Lib_Math.c,1388 :: 		
0x0340	0x5E0A      	SUBWF       R10, 1, 0
;__Lib_Math.c,1389 :: 		
0x0342	0x5007      	MOVF        R7, 0, 0
;__Lib_Math.c,1390 :: 		
0x0344	0xA0D8      	BTFSS       STATUS, 0, 0
;__Lib_Math.c,1391 :: 		
0x0346	0x3C07      	INCFSZ      R7, 0, 0
;__Lib_Math.c,1392 :: 		
0x0348	0x5E0B      	SUBWF       R11, 1, 0
;__Lib_Math.c,1393 :: 		
0x034A	0x6AE8      	CLRF        WREG, 0
;__Lib_Math.c,1394 :: 		
0x034C	0xA0D8      	BTFSS       STATUS, 0, 0
;__Lib_Math.c,1395 :: 		
0x034E	0x0E01      	MOVLW       1
;__Lib_Math.c,1396 :: 		
0x0350	0x5E0E      	SUBWF       R14, 1, 0
;__Lib_Math.c,1397 :: 		
0x0352	0xD011      	BRA         UOK22L16
;__Lib_Math.c,1399 :: 		
UADD22L16:
;__Lib_Math.c,1400 :: 		
0x0354	0x2608      	ADDWF       R8, 1, 0
;__Lib_Math.c,1401 :: 		
0x0356	0x5005      	MOVF        R5, 0, 0
;__Lib_Math.c,1402 :: 		
0x0358	0xB0D8      	BTFSC       STATUS, 0, 0
;__Lib_Math.c,1403 :: 		
0x035A	0x3C05      	INCFSZ      R5, 0, 0
;__Lib_Math.c,1404 :: 		
0x035C	0x2609      	ADDWF       R9, 1, 0
;__Lib_Math.c,1405 :: 		
0x035E	0x5006      	MOVF        R6, 0, 0
;__Lib_Math.c,1406 :: 		
0x0360	0xB0D8      	BTFSC       STATUS, 0, 0
;__Lib_Math.c,1407 :: 		
0x0362	0x3C06      	INCFSZ      R6, 0, 0
;__Lib_Math.c,1408 :: 		
0x0364	0x260A      	ADDWF       R10, 1, 0
;__Lib_Math.c,1409 :: 		
0x0366	0x5007      	MOVF        R7, 0, 0
;__Lib_Math.c,1410 :: 		
0x0368	0xB0D8      	BTFSC       STATUS, 0, 0
;__Lib_Math.c,1411 :: 		
0x036A	0x3C07      	INCFSZ      R7, 0, 0
;__Lib_Math.c,1412 :: 		
0x036C	0x260B      	ADDWF       R11, 1, 0
;__Lib_Math.c,1413 :: 		
0x036E	0x6AE8      	CLRF        WREG, 0
;__Lib_Math.c,1414 :: 		
0x0370	0xB0D8      	BTFSC       STATUS, 0, 0
;__Lib_Math.c,1415 :: 		
0x0372	0x0E01      	MOVLW       1
;__Lib_Math.c,1416 :: 		
0x0374	0x260E      	ADDWF       R14, 1, 0
;__Lib_Math.c,1418 :: 		
UOK22L16:
;__Lib_Math.c,1419 :: 		
0x0376	0x3601      	RLCF        R1, 1, 0
;__Lib_Math.c,1421 :: 		
0x0378	0x0E07      	MOVLW       7
;__Lib_Math.c,1422 :: 		
0x037A	0x6E0C      	MOVWF       R12, 0
;__Lib_Math.c,1424 :: 		
LOOPU3232C:
;__Lib_Math.c,1425 :: 		
0x037C	0x3401      	RLCF        R1, 0, 0
;__Lib_Math.c,1426 :: 		
0x037E	0x3608      	RLCF        R8, 1, 0
;__Lib_Math.c,1427 :: 		
0x0380	0x3609      	RLCF        R9, 1, 0
;__Lib_Math.c,1428 :: 		
0x0382	0x360A      	RLCF        R10, 1, 0
;__Lib_Math.c,1429 :: 		
0x0384	0x360B      	RLCF        R11, 1, 0
;__Lib_Math.c,1430 :: 		
0x0386	0x360E      	RLCF        R14, 1, 0
;__Lib_Math.c,1431 :: 		
0x0388	0x5004      	MOVF        R4, 0, 0
;__Lib_Math.c,1432 :: 		
0x038A	0xA001      	BTFSS       R1, 0, 0
;__Lib_Math.c,1433 :: 		
0x038C	0xD012      	BRA         UADD22LC
;__Lib_Math.c,1435 :: 		
0x038E	0x5E08      	SUBWF       R8, 1, 0
;__Lib_Math.c,1436 :: 		
0x0390	0x5005      	MOVF        R5, 0, 0
;__Lib_Math.c,1437 :: 		
0x0392	0xA0D8      	BTFSS       STATUS, 0, 0
;__Lib_Math.c,1438 :: 		
0x0394	0x3C05      	INCFSZ      R5, 0, 0
;__Lib_Math.c,1439 :: 		
0x0396	0x5E09      	SUBWF       R9, 1, 0
;__Lib_Math.c,1440 :: 		
0x0398	0x5006      	MOVF        R6, 0, 0
;__Lib_Math.c,1441 :: 		
0x039A	0xA0D8      	BTFSS       STATUS, 0, 0
;__Lib_Math.c,1442 :: 		
0x039C	0x3C06      	INCFSZ      R6, 0, 0
;__Lib_Math.c,1443 :: 		
0x039E	0x5E0A      	SUBWF       R10, 1, 0
;__Lib_Math.c,1444 :: 		
0x03A0	0x5007      	MOVF        R7, 0, 0
;__Lib_Math.c,1445 :: 		
0x03A2	0xA0D8      	BTFSS       STATUS, 0, 0
;__Lib_Math.c,1446 :: 		
0x03A4	0x3C07      	INCFSZ      R7, 0, 0
;__Lib_Math.c,1447 :: 		
0x03A6	0x5E0B      	SUBWF       R11, 1, 0
;__Lib_Math.c,1448 :: 		
0x03A8	0x6AE8      	CLRF        WREG, 0
;__Lib_Math.c,1449 :: 		
0x03AA	0xA0D8      	BTFSS       STATUS, 0, 0
;__Lib_Math.c,1450 :: 		
0x03AC	0x0E01      	MOVLW       1
;__Lib_Math.c,1451 :: 		
0x03AE	0x5E0E      	SUBWF       R14, 1, 0
;__Lib_Math.c,1452 :: 		
0x03B0	0xD011      	BRA         UOK22LC
;__Lib_Math.c,1454 :: 		
UADD22LC:
;__Lib_Math.c,1455 :: 		
0x03B2	0x2608      	ADDWF       R8, 1, 0
;__Lib_Math.c,1456 :: 		
0x03B4	0x5005      	MOVF        R5, 0, 0
;__Lib_Math.c,1457 :: 		
0x03B6	0xB0D8      	BTFSC       STATUS, 0, 0
;__Lib_Math.c,1458 :: 		
0x03B8	0x3C05      	INCFSZ      R5, 0, 0
;__Lib_Math.c,1459 :: 		
0x03BA	0x2609      	ADDWF       R9, 1, 0
;__Lib_Math.c,1460 :: 		
0x03BC	0x5006      	MOVF        R6, 0, 0
;__Lib_Math.c,1461 :: 		
0x03BE	0xB0D8      	BTFSC       STATUS, 0, 0
;__Lib_Math.c,1462 :: 		
0x03C0	0x3C06      	INCFSZ      R6, 0, 0
;__Lib_Math.c,1463 :: 		
0x03C2	0x260A      	ADDWF       R10, 1, 0
;__Lib_Math.c,1464 :: 		
0x03C4	0x5007      	MOVF        R7, 0, 0
;__Lib_Math.c,1465 :: 		
0x03C6	0xB0D8      	BTFSC       STATUS, 0, 0
;__Lib_Math.c,1466 :: 		
0x03C8	0x3C07      	INCFSZ      R7, 0, 0
;__Lib_Math.c,1467 :: 		
0x03CA	0x260B      	ADDWF       R11, 1, 0
;__Lib_Math.c,1468 :: 		
0x03CC	0x6AE8      	CLRF        WREG, 0
;__Lib_Math.c,1469 :: 		
0x03CE	0xB0D8      	BTFSC       STATUS, 0, 0
;__Lib_Math.c,1470 :: 		
0x03D0	0x0E01      	MOVLW       1
;__Lib_Math.c,1471 :: 		
0x03D2	0x260E      	ADDWF       R14, 1, 0
;__Lib_Math.c,1473 :: 		
UOK22LC:
;__Lib_Math.c,1474 :: 		
0x03D4	0x3601      	RLCF        R1, 1, 0
;__Lib_Math.c,1476 :: 		
0x03D6	0x2E0C      	DECFSZ      R12, 1, 0
;__Lib_Math.c,1477 :: 		
0x03D8	0xD7D1      	BRA         LOOPU3232C
;__Lib_Math.c,1479 :: 		
0x03DA	0x3400      	RLCF        R0, 0, 0
;__Lib_Math.c,1480 :: 		
0x03DC	0x3608      	RLCF        R8, 1, 0
;__Lib_Math.c,1481 :: 		
0x03DE	0x3609      	RLCF        R9, 1, 0
;__Lib_Math.c,1482 :: 		
0x03E0	0x360A      	RLCF        R10, 1, 0
;__Lib_Math.c,1483 :: 		
0x03E2	0x360B      	RLCF        R11, 1, 0
;__Lib_Math.c,1484 :: 		
0x03E4	0x360E      	RLCF        R14, 1, 0
;__Lib_Math.c,1485 :: 		
0x03E6	0x5004      	MOVF        R4, 0, 0
;__Lib_Math.c,1486 :: 		
0x03E8	0xA001      	BTFSS       R1, 0, 0
;__Lib_Math.c,1487 :: 		
0x03EA	0xD012      	BRA         UADD22L24
;__Lib_Math.c,1489 :: 		
0x03EC	0x5E08      	SUBWF       R8, 1, 0
;__Lib_Math.c,1490 :: 		
0x03EE	0x5005      	MOVF        R5, 0, 0
;__Lib_Math.c,1491 :: 		
0x03F0	0xA0D8      	BTFSS       STATUS, 0, 0
;__Lib_Math.c,1492 :: 		
0x03F2	0x3C05      	INCFSZ      R5, 0, 0
;__Lib_Math.c,1493 :: 		
0x03F4	0x5E09      	SUBWF       R9, 1, 0
;__Lib_Math.c,1494 :: 		
0x03F6	0x5006      	MOVF        R6, 0, 0
;__Lib_Math.c,1495 :: 		
0x03F8	0xA0D8      	BTFSS       STATUS, 0, 0
;__Lib_Math.c,1496 :: 		
0x03FA	0x3C06      	INCFSZ      R6, 0, 0
;__Lib_Math.c,1497 :: 		
0x03FC	0x5E0A      	SUBWF       R10, 1, 0
;__Lib_Math.c,1498 :: 		
0x03FE	0x5007      	MOVF        R7, 0, 0
;__Lib_Math.c,1499 :: 		
0x0400	0xA0D8      	BTFSS       STATUS, 0, 0
;__Lib_Math.c,1500 :: 		
0x0402	0x3C07      	INCFSZ      R7, 0, 0
;__Lib_Math.c,1501 :: 		
0x0404	0x5E0B      	SUBWF       R11, 1, 0
;__Lib_Math.c,1502 :: 		
0x0406	0x6AE8      	CLRF        WREG, 0
;__Lib_Math.c,1503 :: 		
0x0408	0xA0D8      	BTFSS       STATUS, 0, 0
;__Lib_Math.c,1504 :: 		
0x040A	0x0E01      	MOVLW       1
;__Lib_Math.c,1505 :: 		
0x040C	0x5E0E      	SUBWF       R14, 1, 0
;__Lib_Math.c,1506 :: 		
0x040E	0xD011      	BRA         UOK22L24
;__Lib_Math.c,1508 :: 		
UADD22L24:
;__Lib_Math.c,1509 :: 		
0x0410	0x2608      	ADDWF       R8, 1, 0
;__Lib_Math.c,1510 :: 		
0x0412	0x5005      	MOVF        R5, 0, 0
;__Lib_Math.c,1511 :: 		
0x0414	0xB0D8      	BTFSC       STATUS, 0, 0
;__Lib_Math.c,1512 :: 		
0x0416	0x3C05      	INCFSZ      R5, 0, 0
;__Lib_Math.c,1513 :: 		
0x0418	0x2609      	ADDWF       R9, 1, 0
;__Lib_Math.c,1514 :: 		
0x041A	0x5006      	MOVF        R6, 0, 0
;__Lib_Math.c,1515 :: 		
0x041C	0xB0D8      	BTFSC       STATUS, 0, 0
;__Lib_Math.c,1516 :: 		
0x041E	0x3C06      	INCFSZ      R6, 0, 0
;__Lib_Math.c,1517 :: 		
0x0420	0x260A      	ADDWF       R10, 1, 0
;__Lib_Math.c,1518 :: 		
0x0422	0x5007      	MOVF        R7, 0, 0
;__Lib_Math.c,1519 :: 		
0x0424	0xB0D8      	BTFSC       STATUS, 0, 0
;__Lib_Math.c,1520 :: 		
0x0426	0x3C07      	INCFSZ      R7, 0, 0
;__Lib_Math.c,1521 :: 		
0x0428	0x260B      	ADDWF       R11, 1, 0
;__Lib_Math.c,1522 :: 		
0x042A	0x6AE8      	CLRF        WREG, 0
;__Lib_Math.c,1523 :: 		
0x042C	0xB0D8      	BTFSC       STATUS, 0, 0
;__Lib_Math.c,1524 :: 		
0x042E	0x0E01      	MOVLW       1
;__Lib_Math.c,1525 :: 		
0x0430	0x260E      	ADDWF       R14, 1, 0
;__Lib_Math.c,1527 :: 		
UOK22L24:
;__Lib_Math.c,1528 :: 		
0x0432	0x3600      	RLCF        R0, 1, 0
;__Lib_Math.c,1530 :: 		
0x0434	0x0E07      	MOVLW       7
;__Lib_Math.c,1531 :: 		
0x0436	0x6E0C      	MOVWF       R12, 0
;__Lib_Math.c,1533 :: 		
LOOPU3232D:
;__Lib_Math.c,1534 :: 		
0x0438	0x3400      	RLCF        R0, 0, 0
;__Lib_Math.c,1535 :: 		
0x043A	0x3608      	RLCF        R8, 1, 0
;__Lib_Math.c,1536 :: 		
0x043C	0x3609      	RLCF        R9, 1, 0
;__Lib_Math.c,1537 :: 		
0x043E	0x360A      	RLCF        R10, 1, 0
;__Lib_Math.c,1538 :: 		
0x0440	0x360B      	RLCF        R11, 1, 0
;__Lib_Math.c,1539 :: 		
0x0442	0x360E      	RLCF        R14, 1, 0
;__Lib_Math.c,1540 :: 		
0x0444	0x5004      	MOVF        R4, 0, 0
;__Lib_Math.c,1541 :: 		
0x0446	0xA000      	BTFSS       R0, 0, 0
;__Lib_Math.c,1542 :: 		
0x0448	0xD012      	BRA         UADD22LD
;__Lib_Math.c,1544 :: 		
0x044A	0x5E08      	SUBWF       R8, 1, 0
;__Lib_Math.c,1545 :: 		
0x044C	0x5005      	MOVF        R5, 0, 0
;__Lib_Math.c,1546 :: 		
0x044E	0xA0D8      	BTFSS       STATUS, 0, 0
;__Lib_Math.c,1547 :: 		
0x0450	0x3C05      	INCFSZ      R5, 0, 0
;__Lib_Math.c,1548 :: 		
0x0452	0x5E09      	SUBWF       R9, 1, 0
;__Lib_Math.c,1549 :: 		
0x0454	0x5006      	MOVF        R6, 0, 0
;__Lib_Math.c,1550 :: 		
0x0456	0xA0D8      	BTFSS       STATUS, 0, 0
;__Lib_Math.c,1551 :: 		
0x0458	0x3C06      	INCFSZ      R6, 0, 0
;__Lib_Math.c,1552 :: 		
0x045A	0x5E0A      	SUBWF       R10, 1, 0
;__Lib_Math.c,1553 :: 		
0x045C	0x5007      	MOVF        R7, 0, 0
;__Lib_Math.c,1554 :: 		
0x045E	0xA0D8      	BTFSS       STATUS, 0, 0
;__Lib_Math.c,1555 :: 		
0x0460	0x3C07      	INCFSZ      R7, 0, 0
;__Lib_Math.c,1556 :: 		
0x0462	0x5E0B      	SUBWF       R11, 1, 0
;__Lib_Math.c,1557 :: 		
0x0464	0x6AE8      	CLRF        WREG, 0
;__Lib_Math.c,1558 :: 		
0x0466	0xA0D8      	BTFSS       STATUS, 0, 0
;__Lib_Math.c,1559 :: 		
0x0468	0x0E01      	MOVLW       1
;__Lib_Math.c,1560 :: 		
0x046A	0x5E0E      	SUBWF       R14, 1, 0
;__Lib_Math.c,1561 :: 		
0x046C	0xD011      	BRA         UOK22LD
;__Lib_Math.c,1563 :: 		
UADD22LD:
;__Lib_Math.c,1564 :: 		
0x046E	0x2608      	ADDWF       R8, 1, 0
;__Lib_Math.c,1565 :: 		
0x0470	0x5005      	MOVF        R5, 0, 0
;__Lib_Math.c,1566 :: 		
0x0472	0xB0D8      	BTFSC       STATUS, 0, 0
;__Lib_Math.c,1567 :: 		
0x0474	0x3C05      	INCFSZ      R5, 0, 0
;__Lib_Math.c,1568 :: 		
0x0476	0x2609      	ADDWF       R9, 1, 0
;__Lib_Math.c,1569 :: 		
0x0478	0x5006      	MOVF        R6, 0, 0
;__Lib_Math.c,1570 :: 		
0x047A	0xB0D8      	BTFSC       STATUS, 0, 0
;__Lib_Math.c,1571 :: 		
0x047C	0x3C06      	INCFSZ      R6, 0, 0
;__Lib_Math.c,1572 :: 		
0x047E	0x260A      	ADDWF       R10, 1, 0
;__Lib_Math.c,1573 :: 		
0x0480	0x5007      	MOVF        R7, 0, 0
;__Lib_Math.c,1574 :: 		
0x0482	0xB0D8      	BTFSC       STATUS, 0, 0
;__Lib_Math.c,1575 :: 		
0x0484	0x3C07      	INCFSZ      R7, 0, 0
;__Lib_Math.c,1576 :: 		
0x0486	0x260B      	ADDWF       R11, 1, 0
;__Lib_Math.c,1577 :: 		
0x0488	0x6AE8      	CLRF        WREG, 0
;__Lib_Math.c,1578 :: 		
0x048A	0xB0D8      	BTFSC       STATUS, 0, 0
;__Lib_Math.c,1579 :: 		
0x048C	0x0E01      	MOVLW       1
;__Lib_Math.c,1580 :: 		
0x048E	0x260E      	ADDWF       R14, 1, 0
;__Lib_Math.c,1582 :: 		
UOK22LD:
;__Lib_Math.c,1583 :: 		
0x0490	0x3600      	RLCF        R0, 1, 0
;__Lib_Math.c,1585 :: 		
0x0492	0x2E0C      	DECFSZ      R12, 1, 0
;__Lib_Math.c,1586 :: 		
0x0494	0xD7D1      	BRA         LOOPU3232D
;__Lib_Math.c,1588 :: 		
0x0496	0xB000      	BTFSC       R0, 0, 0
;__Lib_Math.c,1589 :: 		
0x0498	0xD00E      	BRA         UOK22L
;__Lib_Math.c,1590 :: 		
0x049A	0x5004      	MOVF        R4, 0, 0
;__Lib_Math.c,1591 :: 		
0x049C	0x2608      	ADDWF       R8, 1, 0
;__Lib_Math.c,1592 :: 		
0x049E	0x5005      	MOVF        R5, 0, 0
;__Lib_Math.c,1593 :: 		
0x04A0	0xB0D8      	BTFSC       STATUS, 0, 0
;__Lib_Math.c,1594 :: 		
0x04A2	0x3C05      	INCFSZ      R5, 0, 0
;__Lib_Math.c,1595 :: 		
0x04A4	0x2609      	ADDWF       R9, 1, 0
;__Lib_Math.c,1596 :: 		
0x04A6	0x5006      	MOVF        R6, 0, 0
;__Lib_Math.c,1597 :: 		
0x04A8	0xB0D8      	BTFSC       STATUS, 0, 0
;__Lib_Math.c,1598 :: 		
0x04AA	0x3C06      	INCFSZ      R6, 0, 0
;__Lib_Math.c,1599 :: 		
0x04AC	0x260A      	ADDWF       R10, 1, 0
;__Lib_Math.c,1600 :: 		
0x04AE	0x5007      	MOVF        R7, 0, 0
;__Lib_Math.c,1601 :: 		
0x04B0	0xB0D8      	BTFSC       STATUS, 0, 0
;__Lib_Math.c,1602 :: 		
0x04B2	0x3C07      	INCFSZ      R7, 0, 0
;__Lib_Math.c,1603 :: 		
0x04B4	0x260B      	ADDWF       R11, 1, 0
;__Lib_Math.c,1605 :: 		
UOK22L:
;__Lib_Math.c,1607 :: 		
L_end_Div_32x32_U:
0x04B6	0x0012      	RETURN      0
; end of _Div_32x32_U
_storeInput:
;frequencycounter.c,250 :: 		void storeInput(void) {
;frequencycounter.c,251 :: 		if (pulsesCaptured == 0) {           // ignore startup delay - start storing between first + second edge
0x04B8	0x5036      	MOVF        _pulsesCaptured, 0 
0x04BA	0x0A00      	XORLW       0
0x04BC	0xE103      	BNZ         L_storeInput8
;frequencycounter.c,252 :: 		pulsesCaptured = 1 ;
0x04BE	0x0E01      	MOVLW       1
0x04C0	0x6E36      	MOVWF       _pulsesCaptured 
;frequencycounter.c,253 :: 		return ;
0x04C2	0xD015      	BRA         L_end_storeInput
;frequencycounter.c,254 :: 		}
L_storeInput8:
;frequencycounter.c,255 :: 		pulsesCaptured++;
0x04C4	0x2A36      	INCF        _pulsesCaptured, 1 
;frequencycounter.c,256 :: 		if(pulsesCaptured > pulsesToCapture){
0x04C6	0x5036      	MOVF        _pulsesCaptured, 0 
0x04C8	0x0810      	SUBLW       16
0x04CA	0xA0D8      	BTFSS       STATUS, 0 
;frequencycounter.c,257 :: 		CCP1CON = 0 ;                    // Stop capture when the desired number of pulses have been captured.
0x04CC	0x6ABD      	CLRF        CCP1CON 
;frequencycounter.c,258 :: 		}
L_storeInput9:
;frequencycounter.c,259 :: 		*(pCaptures++) = hi(capturedData) ;   // store captured hibyte:lobyte in array
0x04CE	0xFFE1C038  	MOVFF       _pCaptures, FSR1L
0x04D2	0xFFE2C039  	MOVFF       _pCaptures+1, FSR1H
0x04D6	0xFFE6C01D  	MOVFF       _capturedData+1, POSTINC1
0x04DA	0x4A38      	INFSNZ      _pCaptures, 1 
0x04DC	0x2A39      	INCF        _pCaptures+1, 1 
;frequencycounter.c,260 :: 		*(pCaptures++) = lo(capturedData) ;
0x04DE	0xFFE1C038  	MOVFF       _pCaptures, FSR1L
0x04E2	0xFFE2C039  	MOVFF       _pCaptures+1, FSR1H
0x04E6	0xFFE6C01C  	MOVFF       _capturedData, POSTINC1
0x04EA	0x4A38      	INFSNZ      _pCaptures, 1 
0x04EC	0x2A39      	INCF        _pCaptures+1, 1 
;frequencycounter.c,261 :: 		}
L_end_storeInput:
0x04EE	0x0012      	RETURN      0
; end of _storeInput
_startCapture:
;frequencycounter.c,122 :: 		void startCapture(){
;frequencycounter.c,123 :: 		pCaptures = &captures ;              // resetting overwrites previous captures
0x04F0	0x0E3A      	MOVLW       _captures
0x04F2	0x6E38      	MOVWF       _pCaptures 
0x04F4	0x0E00      	MOVLW       hi_addr(_captures)
0x04F6	0x6E39      	MOVWF       _pCaptures+1 
;frequencycounter.c,124 :: 		pulsesCaptured = 0;
0x04F8	0x6A36      	CLRF        _pulsesCaptured 
;frequencycounter.c,125 :: 		CCP1CON = 0b00000101 ;               // Start capture, capture on every rising edge
0x04FA	0x0E05      	MOVLW       5
0x04FC	0x6EBD      	MOVWF       CCP1CON 
;frequencycounter.c,126 :: 		}
L_end_startCapture:
0x04FE	0x0012      	RETURN      0
; end of _startCapture
___CC2DW:
;__Lib_System.c,21 :: 		
;__Lib_System.c,23 :: 		
_CC2DL_Loop1:
;__Lib_System.c,24 :: 		
0x0500	0x0009      	TBLRD*+
;__Lib_System.c,25 :: 		
0x0502	0xFFE6CFF5  	MOVFF       TABLAT, POSTINC1
;__Lib_System.c,26 :: 		
0x0506	0x0600      	DECF        R0, 1, 0
;__Lib_System.c,27 :: 		
0x0508	0xE1FB      	BNZ         _CC2DL_Loop1
;__Lib_System.c,28 :: 		
0x050A	0x0601      	DECF        R1, 1, 0
;__Lib_System.c,29 :: 		
0x050C	0xE1F9      	BNZ         _CC2DL_Loop1
;__Lib_System.c,31 :: 		
L_end___CC2DW:
0x050E	0x0012      	RETURN      0
; end of ___CC2DW
_Lcd_Init:
;__Lib_Lcd.c,84 :: 		
;__Lib_Lcd.c,86 :: 		
0x0510	0x9693      	BCF         LCD_EN_Direction, BitPos(LCD_EN_Direction+0) 
;__Lib_Lcd.c,87 :: 		
0x0512	0x9493      	BCF         LCD_RS_Direction, BitPos(LCD_RS_Direction+0) 
;__Lib_Lcd.c,88 :: 		
0x0514	0x9893      	BCF         LCD_D4_Direction, BitPos(LCD_D4_Direction+0) 
;__Lib_Lcd.c,89 :: 		
0x0516	0x9A93      	BCF         LCD_D5_Direction, BitPos(LCD_D5_Direction+0) 
;__Lib_Lcd.c,90 :: 		
0x0518	0x9C93      	BCF         LCD_D6_Direction, BitPos(LCD_D6_Direction+0) 
;__Lib_Lcd.c,91 :: 		
0x051A	0x9E93      	BCF         LCD_D7_Direction, BitPos(LCD_D7_Direction+0) 
;__Lib_Lcd.c,93 :: 		
0x051C	0x9681      	BCF         LCD_EN, BitPos(LCD_EN+0) 
;__Lib_Lcd.c,94 :: 		
0x051E	0x9481      	BCF         LCD_RS, BitPos(LCD_RS+0) 
;__Lib_Lcd.c,95 :: 		
0x0520	0x9E81      	BCF         LCD_D7, BitPos(LCD_D7+0) 
;__Lib_Lcd.c,96 :: 		
0x0522	0x9C81      	BCF         LCD_D6, BitPos(LCD_D6+0) 
;__Lib_Lcd.c,97 :: 		
0x0524	0x9A81      	BCF         LCD_D5, BitPos(LCD_D5+0) 
;__Lib_Lcd.c,98 :: 		
0x0526	0x9881      	BCF         LCD_D4, BitPos(LCD_D4+0) 
;__Lib_Lcd.c,100 :: 		
0x0528	0xDD83      	RCALL       _Delay_5500us
;__Lib_Lcd.c,101 :: 		
0x052A	0xDD82      	RCALL       _Delay_5500us
;__Lib_Lcd.c,102 :: 		
0x052C	0xDD81      	RCALL       _Delay_5500us
;__Lib_Lcd.c,105 :: 		
0x052E	0x8A81      	BSF         LCD_D5, BitPos(LCD_D5+0) 
;__Lib_Lcd.c,106 :: 		
0x0530	0x8881      	BSF         LCD_D4, BitPos(LCD_D4+0) 
;__Lib_Lcd.c,107 :: 		
0x0532	0x8681      	BSF         LCD_EN, BitPos(LCD_EN+0) 
;__Lib_Lcd.c,108 :: 		
0x0534	0xDD8D      	RCALL       _Delay_1us
;__Lib_Lcd.c,109 :: 		
0x0536	0x9681      	BCF         LCD_EN, BitPos(LCD_EN+0) 
;__Lib_Lcd.c,110 :: 		
0x0538	0xDD7B      	RCALL       _Delay_5500us
;__Lib_Lcd.c,112 :: 		
0x053A	0x8681      	BSF         LCD_EN, BitPos(LCD_EN+0) 
;__Lib_Lcd.c,113 :: 		
0x053C	0xDD89      	RCALL       _Delay_1us
;__Lib_Lcd.c,114 :: 		
0x053E	0x9681      	BCF         LCD_EN, BitPos(LCD_EN+0) 
;__Lib_Lcd.c,115 :: 		
0x0540	0xDD77      	RCALL       _Delay_5500us
;__Lib_Lcd.c,117 :: 		
0x0542	0x8681      	BSF         LCD_EN, BitPos(LCD_EN+0) 
;__Lib_Lcd.c,118 :: 		
0x0544	0xDD85      	RCALL       _Delay_1us
;__Lib_Lcd.c,119 :: 		
0x0546	0x9681      	BCF         LCD_EN, BitPos(LCD_EN+0) 
;__Lib_Lcd.c,120 :: 		
0x0548	0xDD73      	RCALL       _Delay_5500us
;__Lib_Lcd.c,123 :: 		
0x054A	0x9881      	BCF         LCD_D4, BitPos(LCD_D4+0) 
;__Lib_Lcd.c,124 :: 		
0x054C	0x8681      	BSF         LCD_EN, BitPos(LCD_EN+0) 
;__Lib_Lcd.c,125 :: 		
0x054E	0xDD80      	RCALL       _Delay_1us
;__Lib_Lcd.c,126 :: 		
0x0550	0x9681      	BCF         LCD_EN, BitPos(LCD_EN+0) 
;__Lib_Lcd.c,127 :: 		
0x0552	0xDD6E      	RCALL       _Delay_5500us
;__Lib_Lcd.c,130 :: 		
0x0554	0x8681      	BSF         LCD_EN, BitPos(LCD_EN+0) 
;__Lib_Lcd.c,131 :: 		
0x0556	0xDD7C      	RCALL       _Delay_1us
;__Lib_Lcd.c,132 :: 		
0x0558	0x9681      	BCF         LCD_EN, BitPos(LCD_EN+0) 
;__Lib_Lcd.c,134 :: 		
0x055A	0x9A81      	BCF         LCD_D5, BitPos(LCD_D5+0) 
;__Lib_Lcd.c,135 :: 		
0x055C	0x8E81      	BSF         LCD_D7, BitPos(LCD_D7+0) 
;__Lib_Lcd.c,136 :: 		
0x055E	0x8681      	BSF         LCD_EN, BitPos(LCD_EN+0) 
;__Lib_Lcd.c,137 :: 		
0x0560	0xDD77      	RCALL       _Delay_1us
;__Lib_Lcd.c,138 :: 		
0x0562	0x9681      	BCF         LCD_EN, BitPos(LCD_EN+0) 
;__Lib_Lcd.c,139 :: 		
0x0564	0xDD65      	RCALL       _Delay_5500us
;__Lib_Lcd.c,142 :: 		
0x0566	0x9E81      	BCF         LCD_D7, BitPos(LCD_D7+0) 
;__Lib_Lcd.c,143 :: 		
0x0568	0x8881      	BSF         LCD_D4, BitPos(LCD_D4+0) 
;__Lib_Lcd.c,144 :: 		
0x056A	0x8681      	BSF         LCD_EN, BitPos(LCD_EN+0) 
;__Lib_Lcd.c,145 :: 		
0x056C	0xDD71      	RCALL       _Delay_1us
;__Lib_Lcd.c,146 :: 		
0x056E	0x9681      	BCF         LCD_EN, BitPos(LCD_EN+0) 
;__Lib_Lcd.c,148 :: 		
0x0570	0x9881      	BCF         LCD_D4, BitPos(LCD_D4+0) 
;__Lib_Lcd.c,149 :: 		
0x0572	0x8681      	BSF         LCD_EN, BitPos(LCD_EN+0) 
;__Lib_Lcd.c,150 :: 		
0x0574	0xDD6D      	RCALL       _Delay_1us
;__Lib_Lcd.c,151 :: 		
0x0576	0x9681      	BCF         LCD_EN, BitPos(LCD_EN+0) 
;__Lib_Lcd.c,152 :: 		
0x0578	0xDD5B      	RCALL       _Delay_5500us
;__Lib_Lcd.c,155 :: 		
0x057A	0x8681      	BSF         LCD_EN, BitPos(LCD_EN+0) 
;__Lib_Lcd.c,156 :: 		
0x057C	0xDD69      	RCALL       _Delay_1us
;__Lib_Lcd.c,157 :: 		
0x057E	0x9681      	BCF         LCD_EN, BitPos(LCD_EN+0) 
;__Lib_Lcd.c,159 :: 		
0x0580	0x8881      	BSF         LCD_D4, BitPos(LCD_D4+0) 
;__Lib_Lcd.c,160 :: 		
0x0582	0x8681      	BSF         LCD_EN, BitPos(LCD_EN+0) 
;__Lib_Lcd.c,161 :: 		
0x0584	0xDD65      	RCALL       _Delay_1us
;__Lib_Lcd.c,162 :: 		
0x0586	0x9681      	BCF         LCD_EN, BitPos(LCD_EN+0) 
;__Lib_Lcd.c,163 :: 		
0x0588	0xDD53      	RCALL       _Delay_5500us
;__Lib_Lcd.c,166 :: 		
0x058A	0x9881      	BCF         LCD_D4, BitPos(LCD_D4+0) 
;__Lib_Lcd.c,167 :: 		
0x058C	0x8681      	BSF         LCD_EN, BitPos(LCD_EN+0) 
;__Lib_Lcd.c,168 :: 		
0x058E	0xDD60      	RCALL       _Delay_1us
;__Lib_Lcd.c,169 :: 		
0x0590	0x9681      	BCF         LCD_EN, BitPos(LCD_EN+0) 
;__Lib_Lcd.c,171 :: 		
0x0592	0x8E81      	BSF         LCD_D7, BitPos(LCD_D7+0) 
;__Lib_Lcd.c,172 :: 		
0x0594	0x8C81      	BSF         LCD_D6, BitPos(LCD_D6+0) 
;__Lib_Lcd.c,173 :: 		
0x0596	0x8A81      	BSF         LCD_D5, BitPos(LCD_D5+0) 
;__Lib_Lcd.c,174 :: 		
0x0598	0x8881      	BSF         LCD_D4, BitPos(LCD_D4+0) 
;__Lib_Lcd.c,175 :: 		
0x059A	0x8681      	BSF         LCD_EN, BitPos(LCD_EN+0) 
;__Lib_Lcd.c,176 :: 		
0x059C	0xDD59      	RCALL       _Delay_1us
;__Lib_Lcd.c,177 :: 		
0x059E	0x9681      	BCF         LCD_EN, BitPos(LCD_EN+0) 
;__Lib_Lcd.c,179 :: 		
0x05A0	0xDD47      	RCALL       _Delay_5500us
;__Lib_Lcd.c,181 :: 		
0x05A2	0x8037      	BSF         __Lib_Lcd_cmd_status, BitPos(__Lib_Lcd_cmd_status+0) 
;__Lib_Lcd.c,182 :: 		
L_end_Lcd_Init:
0x05A4	0x0012      	RETURN      0
; end of _Lcd_Init
_hardwareInit:
;frequencycounter.c,156 :: 		void hardwareInit(void) {          // basic hardware control
;frequencycounter.c,157 :: 		ADCON1 = 0x07;
0x05A6	0x0E07      	MOVLW       7
0x05A8	0x6EC1      	MOVWF       ADCON1 
;frequencycounter.c,158 :: 		PORTA = 0x00 ;
0x05AA	0x6A80      	CLRF        PORTA 
;frequencycounter.c,159 :: 		TRISA = 0X00 ;
0x05AC	0x6A92      	CLRF        TRISA 
;frequencycounter.c,160 :: 		PORTC = 0b00000100 ;             // normally high - depending on hardware
0x05AE	0x0E04      	MOVLW       4
0x05B0	0x6E82      	MOVWF       PORTC 
;frequencycounter.c,161 :: 		TRISC = 0b00000100 ;             // portc.b2 as input
0x05B2	0x0E04      	MOVLW       4
0x05B4	0x6E94      	MOVWF       TRISC 
;frequencycounter.c,163 :: 		T1CON.TMR1ON = 0 ;               // ensure it's off
0x05B6	0x90CD      	BCF         T1CON, 0 
;frequencycounter.c,164 :: 		T1CON.T1OSCEN = 0 ;              // ensure OSC is OFF
0x05B8	0x96CD      	BCF         T1CON, 3 
;frequencycounter.c,165 :: 		T1CON.TMR1CS = 0;                // Timer1 counts pulses from internal oscillator
0x05BA	0x92CD      	BCF         T1CON, 1 
;frequencycounter.c,166 :: 		T1CON.T1CKPS1 = 0;               // prescale the input pulses
0x05BC	0x9ACD      	BCF         T1CON, 5 
;frequencycounter.c,167 :: 		T1CON.T1CKPS0 = 0;               // Assigned T1 prescaler rate is 1:1 so T1 is Fosc/4 with 20Mhz clock = 0.2uS per tick
0x05BE	0x98CD      	BCF         T1CON, 4 
;frequencycounter.c,169 :: 		INTCON.PEIE = 1 ;                // enable peripheral interrupts
0x05C0	0x8CF2      	BSF         INTCON, 6 
;frequencycounter.c,170 :: 		PIE1.CCP1IE = 1 ;                // enable CCP1 capture interrupt
0x05C2	0x849D      	BSF         PIE1, 2 
;frequencycounter.c,171 :: 		INTCON.GIE = 1 ;                 // enable global interrupts
0x05C4	0x8EF2      	BSF         INTCON, 7 
;frequencycounter.c,172 :: 		}
L_end_hardwareInit:
0x05C6	0x0012      	RETURN      0
; end of _hardwareInit
_Lcd_Out:
;__Lib_Lcd.c,184 :: 		
;__Lib_Lcd.c,187 :: 		
0x05C8	0xD010      	BRA         L_Lcd_Out11
;__Lib_Lcd.c,188 :: 		
L_Lcd_Out13:
0x05CA	0x0E80      	MOVLW       128
0x05CC	0x0100      	MOVLB       0
0x05CE	0x6F61      	MOVWF       FARG_Lcd_Out_row, 1
0x05D0	0xD01A      	BRA         L_Lcd_Out12
;__Lib_Lcd.c,189 :: 		
L_Lcd_Out14:
0x05D2	0x0EC0      	MOVLW       192
0x05D4	0x6F61      	MOVWF       FARG_Lcd_Out_row, 1
0x05D6	0xD017      	BRA         L_Lcd_Out12
;__Lib_Lcd.c,190 :: 		
L_Lcd_Out15:
0x05D8	0x0E94      	MOVLW       148
0x05DA	0x6F61      	MOVWF       FARG_Lcd_Out_row, 1
0x05DC	0xD014      	BRA         L_Lcd_Out12
;__Lib_Lcd.c,191 :: 		
L_Lcd_Out16:
0x05DE	0x0ED4      	MOVLW       212
0x05E0	0x6F61      	MOVWF       FARG_Lcd_Out_row, 1
0x05E2	0xD011      	BRA         L_Lcd_Out12
;__Lib_Lcd.c,192 :: 		
L_Lcd_Out17:
0x05E4	0x0E80      	MOVLW       128
0x05E6	0x6F61      	MOVWF       FARG_Lcd_Out_row, 1
;__Lib_Lcd.c,193 :: 		
0x05E8	0xD00E      	BRA         L_Lcd_Out12
L_Lcd_Out11:
0x05EA	0x0100      	MOVLB       0
0x05EC	0x5161      	MOVF        FARG_Lcd_Out_row, 0, 1
0x05EE	0x0A01      	XORLW       1
0x05F0	0xE0EC      	BZ          L_Lcd_Out13
0x05F2	0x5161      	MOVF        FARG_Lcd_Out_row, 0, 1
0x05F4	0x0A02      	XORLW       2
0x05F6	0xE0ED      	BZ          L_Lcd_Out14
0x05F8	0x5161      	MOVF        FARG_Lcd_Out_row, 0, 1
0x05FA	0x0A03      	XORLW       3
0x05FC	0xE0ED      	BZ          L_Lcd_Out15
0x05FE	0x5161      	MOVF        FARG_Lcd_Out_row, 0, 1
0x0600	0x0A04      	XORLW       4
0x0602	0xE0ED      	BZ          L_Lcd_Out16
0x0604	0xD7EF      	BRA         L_Lcd_Out17
L_Lcd_Out12:
;__Lib_Lcd.c,194 :: 		
0x0606	0x0562      	DECF        FARG_Lcd_Out_column, 0, 1
0x0608	0x6E00      	MOVWF       R0 
0x060A	0x5161      	MOVF        FARG_Lcd_Out_row, 0, 1
0x060C	0x2600      	ADDWF       R0, 1 
0x060E	0xF061C000  	MOVFF       R0, FARG_Lcd_Out_row
;__Lib_Lcd.c,196 :: 		
0x0612	0xF06DC000  	MOVFF       R0, FARG_Lcd_Cmd_out_char
0x0616	0xDD22      	RCALL       _Lcd_Cmd
;__Lib_Lcd.c,197 :: 		
0x0618	0x9037      	BCF         __Lib_Lcd_cmd_status, BitPos(__Lib_Lcd_cmd_status+0) 
;__Lib_Lcd.c,198 :: 		
0x061A	0x6A5E      	CLRF        Lcd_Out_i_L0 
;__Lib_Lcd.c,199 :: 		
L_Lcd_Out18:
0x061C	0x505E      	MOVF        Lcd_Out_i_L0, 0 
0x061E	0x2563      	ADDWF       FARG_Lcd_Out_text, 0, 1
0x0620	0x6EE9      	MOVWF       FSR0L 
0x0622	0x0E00      	MOVLW       0
0x0624	0x2164      	ADDWFC      FARG_Lcd_Out_text+1, 0, 1
0x0626	0x6EEA      	MOVWF       FSR0H 
0x0628	0x52EE      	MOVF        POSTINC0, 1 
0x062A	0xE00B      	BZ          L_Lcd_Out19
;__Lib_Lcd.c,200 :: 		
0x062C	0x505E      	MOVF        Lcd_Out_i_L0, 0 
0x062E	0x2563      	ADDWF       FARG_Lcd_Out_text, 0, 1
0x0630	0x6EE9      	MOVWF       FSR0L 
0x0632	0x0E00      	MOVLW       0
0x0634	0x2164      	ADDWFC      FARG_Lcd_Out_text+1, 0, 1
0x0636	0x6EEA      	MOVWF       FSR0H 
0x0638	0xF060CFEE  	MOVFF       POSTINC0, FARG_Lcd_Chr_CP_out_char
0x063C	0xDDC1      	RCALL       _Lcd_Chr_CP
0x063E	0x2A5E      	INCF        Lcd_Out_i_L0, 1 
0x0640	0xD7ED      	BRA         L_Lcd_Out18
L_Lcd_Out19:
;__Lib_Lcd.c,201 :: 		
0x0642	0x8037      	BSF         __Lib_Lcd_cmd_status, BitPos(__Lib_Lcd_cmd_status+0) 
;__Lib_Lcd.c,202 :: 		
L_end_Lcd_Out:
0x0644	0x0012      	RETURN      0
; end of _Lcd_Out
_frequencyCalculatorInit:
;frequencycounter.c,174 :: 		void frequencyCalculatorInit(unsigned short factor){
;frequencycounter.c,178 :: 		clockCyclesPerSecondTimesFactor = Clock_kHz() * 1000 * factor;
0x0646	0x0E00      	MOVLW       0
0x0648	0x6E00      	MOVWF       R0 
0x064A	0x0E2D      	MOVLW       45
0x064C	0x6E01      	MOVWF       R1 
0x064E	0x0E31      	MOVLW       49
0x0650	0x6E02      	MOVWF       R2 
0x0652	0x0E01      	MOVLW       1
0x0654	0x6E03      	MOVWF       R3 
0x0656	0xF004C05E  	MOVFF       FARG_frequencyCalculatorInit_factor, R4
0x065A	0x0E00      	MOVLW       0
0x065C	0x6E05      	MOVWF       R5 
0x065E	0x6E06      	MOVWF       R6 
0x0660	0x6E07      	MOVWF       R7 
0x0662	0xDD3B      	RCALL       _Mul_32x32_U
0x0664	0xF017C000  	MOVFF       R0, _clockCyclesPerSecondTimesFactor
0x0668	0xF018C001  	MOVFF       R1, _clockCyclesPerSecondTimesFactor+1
0x066C	0xF019C002  	MOVFF       R2, _clockCyclesPerSecondTimesFactor+2
0x0670	0xF01AC003  	MOVFF       R3, _clockCyclesPerSecondTimesFactor+3
;frequencycounter.c,181 :: 		clockCyclesPerTimerClick = 16;
0x0674	0x0E10      	MOVLW       16
0x0676	0x6E1B      	MOVWF       _clockCyclesPerTimerClick 
;frequencycounter.c,185 :: 		interruptDelayClockCycles = 16 * 4 + 15;
0x0678	0x0E4F      	MOVLW       79
0x067A	0x6E16      	MOVWF       _interruptDelayClockCycles 
;frequencycounter.c,186 :: 		}
L_end_frequencyCalculatorInit:
0x067C	0x0012      	RETURN      0
; end of _frequencyCalculatorInit
_Lcd_Out_Freq:
;frequencycounter.c,280 :: 		void Lcd_Out_Freq(unsigned short row, unsigned short col, unsigned int number){
;frequencycounter.c,282 :: 		digits[0] = number % 10;
0x067E	0x0E0A      	MOVLW       10
0x0680	0x6E04      	MOVWF       R4 
0x0682	0x0E00      	MOVLW       0
0x0684	0x6E05      	MOVWF       R5 
0x0686	0xF000C063  	MOVFF       FARG_Lcd_Out_Freq_number, R0
0x068A	0xF001C064  	MOVFF       FARG_Lcd_Out_Freq_number+1, R1
0x068E	0xDD7D      	RCALL       _Div_16x16_U
0x0690	0xF000C008  	MOVFF       R8, R0
0x0694	0xF001C009  	MOVFF       R9, R1
0x0698	0xF065C000  	MOVFF       R0, Lcd_Out_Freq_digits_L0
;frequencycounter.c,283 :: 		digits[1] = (number / 10) % 10;
0x069C	0x0E0A      	MOVLW       10
0x069E	0x6E04      	MOVWF       R4 
0x06A0	0x0E00      	MOVLW       0
0x06A2	0x6E05      	MOVWF       R5 
0x06A4	0xF000C063  	MOVFF       FARG_Lcd_Out_Freq_number, R0
0x06A8	0xF001C064  	MOVFF       FARG_Lcd_Out_Freq_number+1, R1
0x06AC	0xDD6E      	RCALL       _Div_16x16_U
0x06AE	0x0E0A      	MOVLW       10
0x06B0	0x6E04      	MOVWF       R4 
0x06B2	0x0E00      	MOVLW       0
0x06B4	0x6E05      	MOVWF       R5 
0x06B6	0xDD69      	RCALL       _Div_16x16_U
0x06B8	0xF000C008  	MOVFF       R8, R0
0x06BC	0xF001C009  	MOVFF       R9, R1
0x06C0	0xF066C000  	MOVFF       R0, Lcd_Out_Freq_digits_L0+1
;frequencycounter.c,284 :: 		digits[2] = (number / 100) % 10;
0x06C4	0x0E64      	MOVLW       100
0x06C6	0x6E04      	MOVWF       R4 
0x06C8	0x0E00      	MOVLW       0
0x06CA	0x6E05      	MOVWF       R5 
0x06CC	0xF000C063  	MOVFF       FARG_Lcd_Out_Freq_number, R0
0x06D0	0xF001C064  	MOVFF       FARG_Lcd_Out_Freq_number+1, R1
0x06D4	0xDD5A      	RCALL       _Div_16x16_U
0x06D6	0x0E0A      	MOVLW       10
0x06D8	0x6E04      	MOVWF       R4 
0x06DA	0x0E00      	MOVLW       0
0x06DC	0x6E05      	MOVWF       R5 
0x06DE	0xDD55      	RCALL       _Div_16x16_U
0x06E0	0xF000C008  	MOVFF       R8, R0
0x06E4	0xF001C009  	MOVFF       R9, R1
0x06E8	0xF067C000  	MOVFF       R0, Lcd_Out_Freq_digits_L0+2
;frequencycounter.c,285 :: 		digits[3] = (number / 1000) % 10;
0x06EC	0x0EE8      	MOVLW       232
0x06EE	0x6E04      	MOVWF       R4 
0x06F0	0x0E03      	MOVLW       3
0x06F2	0x6E05      	MOVWF       R5 
0x06F4	0xF000C063  	MOVFF       FARG_Lcd_Out_Freq_number, R0
0x06F8	0xF001C064  	MOVFF       FARG_Lcd_Out_Freq_number+1, R1
0x06FC	0xDD46      	RCALL       _Div_16x16_U
0x06FE	0x0E0A      	MOVLW       10
0x0700	0x6E04      	MOVWF       R4 
0x0702	0x0E00      	MOVLW       0
0x0704	0x6E05      	MOVWF       R5 
0x0706	0xDD41      	RCALL       _Div_16x16_U
0x0708	0xF000C008  	MOVFF       R8, R0
0x070C	0xF001C009  	MOVFF       R9, R1
0x0710	0xF068C000  	MOVFF       R0, Lcd_Out_Freq_digits_L0+3
;frequencycounter.c,286 :: 		digits[4] = (number / 10000) % 10;
0x0714	0x0E10      	MOVLW       16
0x0716	0x6E04      	MOVWF       R4 
0x0718	0x0E27      	MOVLW       39
0x071A	0x6E05      	MOVWF       R5 
0x071C	0xF000C063  	MOVFF       FARG_Lcd_Out_Freq_number, R0
0x0720	0xF001C064  	MOVFF       FARG_Lcd_Out_Freq_number+1, R1
0x0724	0xDD32      	RCALL       _Div_16x16_U
0x0726	0x0E0A      	MOVLW       10
0x0728	0x6E04      	MOVWF       R4 
0x072A	0x0E00      	MOVLW       0
0x072C	0x6E05      	MOVWF       R5 
0x072E	0xDD2D      	RCALL       _Div_16x16_U
0x0730	0xF000C008  	MOVFF       R8, R0
0x0734	0xF001C009  	MOVFF       R9, R1
0x0738	0xF069C000  	MOVFF       R0, Lcd_Out_Freq_digits_L0+4
;frequencycounter.c,288 :: 		Lcd_Chr(row, col+5, 48 + digits[0]);
0x073C	0xF06AC061  	MOVFF       FARG_Lcd_Out_Freq_row, FARG_Lcd_Chr_row
0x0740	0x0E05      	MOVLW       5
0x0742	0x0100      	MOVLB       0
0x0744	0x2562      	ADDWF       FARG_Lcd_Out_Freq_col, 0, 1
0x0746	0x6F6B      	MOVWF       FARG_Lcd_Chr_column, 1
0x0748	0x5165      	MOVF        Lcd_Out_Freq_digits_L0, 0, 1
0x074A	0x0F30      	ADDLW       48
0x074C	0x6F6C      	MOVWF       FARG_Lcd_Chr_out_char, 1
0x074E	0xDCEE      	RCALL       _Lcd_Chr
;frequencycounter.c,289 :: 		Lcd_Chr(row, col+4, 46);
0x0750	0xF06AC061  	MOVFF       FARG_Lcd_Out_Freq_row, FARG_Lcd_Chr_row
0x0754	0x0E04      	MOVLW       4
0x0756	0x2562      	ADDWF       FARG_Lcd_Out_Freq_col, 0, 1
0x0758	0x6F6B      	MOVWF       FARG_Lcd_Chr_column, 1
0x075A	0x0E2E      	MOVLW       46
0x075C	0x6F6C      	MOVWF       FARG_Lcd_Chr_out_char, 1
0x075E	0xDCE6      	RCALL       _Lcd_Chr
;frequencycounter.c,290 :: 		Lcd_Chr(row, col+3, 48 + digits[1]);
0x0760	0xF06AC061  	MOVFF       FARG_Lcd_Out_Freq_row, FARG_Lcd_Chr_row
0x0764	0x0E03      	MOVLW       3
0x0766	0x2562      	ADDWF       FARG_Lcd_Out_Freq_col, 0, 1
0x0768	0x6F6B      	MOVWF       FARG_Lcd_Chr_column, 1
0x076A	0x5166      	MOVF        Lcd_Out_Freq_digits_L0+1, 0, 1
0x076C	0x0F30      	ADDLW       48
0x076E	0x6F6C      	MOVWF       FARG_Lcd_Chr_out_char, 1
0x0770	0xDCDD      	RCALL       _Lcd_Chr
;frequencycounter.c,291 :: 		Lcd_Chr(row, col+2, 48 + digits[2]);
0x0772	0xF06AC061  	MOVFF       FARG_Lcd_Out_Freq_row, FARG_Lcd_Chr_row
0x0776	0x0E02      	MOVLW       2
0x0778	0x2562      	ADDWF       FARG_Lcd_Out_Freq_col, 0, 1
0x077A	0x6F6B      	MOVWF       FARG_Lcd_Chr_column, 1
0x077C	0x5167      	MOVF        Lcd_Out_Freq_digits_L0+2, 0, 1
0x077E	0x0F30      	ADDLW       48
0x0780	0x6F6C      	MOVWF       FARG_Lcd_Chr_out_char, 1
0x0782	0xDCD4      	RCALL       _Lcd_Chr
;frequencycounter.c,292 :: 		Lcd_Chr(row, col+1, 48 + digits[3]);
0x0784	0xF06AC061  	MOVFF       FARG_Lcd_Out_Freq_row, FARG_Lcd_Chr_row
0x0788	0x5162      	MOVF        FARG_Lcd_Out_Freq_col, 0, 1
0x078A	0x0F01      	ADDLW       1
0x078C	0x6F6B      	MOVWF       FARG_Lcd_Chr_column, 1
0x078E	0x5168      	MOVF        Lcd_Out_Freq_digits_L0+3, 0, 1
0x0790	0x0F30      	ADDLW       48
0x0792	0x6F6C      	MOVWF       FARG_Lcd_Chr_out_char, 1
0x0794	0xDCCB      	RCALL       _Lcd_Chr
;frequencycounter.c,293 :: 		if(digits[4] == 0){
0x0796	0x5169      	MOVF        Lcd_Out_Freq_digits_L0+4, 0, 1
0x0798	0x0A00      	XORLW       0
0x079A	0xE108      	BNZ         L_Lcd_Out_Freq10
;frequencycounter.c,294 :: 		Lcd_Chr(row, col, 32);
0x079C	0xF06AC061  	MOVFF       FARG_Lcd_Out_Freq_row, FARG_Lcd_Chr_row
0x07A0	0xF06BC062  	MOVFF       FARG_Lcd_Out_Freq_col, FARG_Lcd_Chr_column
0x07A4	0x0E20      	MOVLW       32
0x07A6	0x6F6C      	MOVWF       FARG_Lcd_Chr_out_char, 1
0x07A8	0xDCC1      	RCALL       _Lcd_Chr
;frequencycounter.c,295 :: 		} else {
0x07AA	0xD008      	BRA         L_Lcd_Out_Freq11
L_Lcd_Out_Freq10:
;frequencycounter.c,296 :: 		Lcd_Chr(row, col, 48 + digits[4]);
0x07AC	0xF06AC061  	MOVFF       FARG_Lcd_Out_Freq_row, FARG_Lcd_Chr_row
0x07B0	0xF06BC062  	MOVFF       FARG_Lcd_Out_Freq_col, FARG_Lcd_Chr_column
0x07B4	0x5169      	MOVF        Lcd_Out_Freq_digits_L0+4, 0, 1
0x07B6	0x0F30      	ADDLW       48
0x07B8	0x6F6C      	MOVWF       FARG_Lcd_Chr_out_char, 1
0x07BA	0xDCB8      	RCALL       _Lcd_Chr
;frequencycounter.c,297 :: 		}
L_Lcd_Out_Freq11:
;frequencycounter.c,298 :: 		}
L_end_Lcd_Out_Freq:
0x07BC	0x0012      	RETURN      0
; end of _Lcd_Out_Freq
_getAverageCapture:
;frequencycounter.c,147 :: 		unsigned int getAverageCapture(){
;frequencycounter.c,149 :: 		unsigned long sum = 0;
0x07BE	0x0100      	MOVLB       0
0x07C0	0x6B61      	CLRF        getAverageCapture_sum_L0, 1
0x07C2	0x6B62      	CLRF        getAverageCapture_sum_L0+1, 1
0x07C4	0x6B63      	CLRF        getAverageCapture_sum_L0+2, 1
0x07C6	0x6B64      	CLRF        getAverageCapture_sum_L0+3, 1
;frequencycounter.c,150 :: 		for(i=0; i<2*pulsesToCapture; i+=2){
0x07C8	0x6A05      	CLRF        R5 
L_getAverageCapture4:
0x07CA	0x0E20      	MOVLW       32
0x07CC	0x5C05      	SUBWF       R5, 0 
0x07CE	0xE229      	BC          L_getAverageCapture5
;frequencycounter.c,151 :: 		sum += (captures[i] << 8) + captures[i+1];  //combine two shorts to an int.
0x07D0	0x0E3A      	MOVLW       _captures
0x07D2	0x6EE9      	MOVWF       FSR0L 
0x07D4	0x0E00      	MOVLW       hi_addr(_captures)
0x07D6	0x6EEA      	MOVWF       FSR0H 
0x07D8	0x5005      	MOVF        R5, 0 
0x07DA	0x26E9      	ADDWF       FSR0L, 1 
0x07DC	0xB0D8      	BTFSC       STATUS, 0 
0x07DE	0x2AEA      	INCF        FSR0H, 1 
0x07E0	0xF001CFEE  	MOVFF       POSTINC0, R1
0x07E4	0xF003C001  	MOVFF       R1, R3
0x07E8	0x6A02      	CLRF        R2 
0x07EA	0x5005      	MOVF        R5, 0 
0x07EC	0x0F01      	ADDLW       1
0x07EE	0x6E00      	MOVWF       R0 
0x07F0	0x6A01      	CLRF        R1 
0x07F2	0x0E00      	MOVLW       0
0x07F4	0x2201      	ADDWFC      R1, 1 
0x07F6	0x0E3A      	MOVLW       _captures
0x07F8	0x2400      	ADDWF       R0, 0 
0x07FA	0x6ED9      	MOVWF       FSR2L 
0x07FC	0x0E00      	MOVLW       hi_addr(_captures)
0x07FE	0x2001      	ADDWFC      R1, 0 
0x0800	0x6EDA      	MOVWF       FSR2H 
0x0802	0x50DE      	MOVF        POSTINC2, 0 
0x0804	0x2402      	ADDWF       R2, 0 
0x0806	0x6E00      	MOVWF       R0 
0x0808	0x0E00      	MOVLW       0
0x080A	0x2003      	ADDWFC      R3, 0 
0x080C	0x6E01      	MOVWF       R1 
0x080E	0x5000      	MOVF        R0, 0 
0x0810	0x2761      	ADDWF       getAverageCapture_sum_L0, 1, 1
0x0812	0x5001      	MOVF        R1, 0 
0x0814	0x2362      	ADDWFC      getAverageCapture_sum_L0+1, 1, 1
0x0816	0x0E00      	MOVLW       0
0x0818	0x2363      	ADDWFC      getAverageCapture_sum_L0+2, 1, 1
0x081A	0x2364      	ADDWFC      getAverageCapture_sum_L0+3, 1, 1
;frequencycounter.c,150 :: 		for(i=0; i<2*pulsesToCapture; i+=2){
0x081C	0x0E02      	MOVLW       2
0x081E	0x2605      	ADDWF       R5, 1 
;frequencycounter.c,152 :: 		}
0x0820	0xD7D4      	BRA         L_getAverageCapture4
L_getAverageCapture5:
;frequencycounter.c,153 :: 		return sum >> 4;
0x0822	0x0E04      	MOVLW       4
0x0824	0x6E04      	MOVWF       R4 
0x0826	0xF000C061  	MOVFF       getAverageCapture_sum_L0, R0
0x082A	0xF001C062  	MOVFF       getAverageCapture_sum_L0+1, R1
0x082E	0xF002C063  	MOVFF       getAverageCapture_sum_L0+2, R2
0x0832	0xF003C064  	MOVFF       getAverageCapture_sum_L0+3, R3
0x0836	0x5004      	MOVF        R4, 0 
L__getAverageCapture16:
0x0838	0xE007      	BZ          L__getAverageCapture17
0x083A	0x3203      	RRCF        R3, 1 
0x083C	0x3202      	RRCF        R2, 1 
0x083E	0x3201      	RRCF        R1, 1 
0x0840	0x3200      	RRCF        R0, 1 
0x0842	0x9E03      	BCF         R3, 7 
0x0844	0x0FFF      	ADDLW       255
0x0846	0xD7F8      	BRA         L__getAverageCapture16
L__getAverageCapture17:
;frequencycounter.c,154 :: 		}
L_end_getAverageCapture:
0x0848	0x0012      	RETURN      0
; end of _getAverageCapture
_calculateFrequency:
;frequencycounter.c,130 :: 		unsigned int calculateFrequency(unsigned int timer){
;frequencycounter.c,134 :: 		unsigned long timerAsLong = timer;
0x084A	0xF061C05E  	MOVFF       FARG_calculateFrequency_timer, calculateFrequency_timerAsLong_L0
0x084E	0xF062C05F  	MOVFF       FARG_calculateFrequency_timer+1, calculateFrequency_timerAsLong_L0+1
0x0852	0x0E00      	MOVLW       0
0x0854	0x0100      	MOVLB       0
0x0856	0x6F63      	MOVWF       calculateFrequency_timerAsLong_L0+2, 1
0x0858	0x6F64      	MOVWF       calculateFrequency_timerAsLong_L0+3, 1
;frequencycounter.c,143 :: 		clockCycles = timerAsLong * clockCyclesPerTimerClick + interruptDelayClockCycles;
0x085A	0xF000C061  	MOVFF       calculateFrequency_timerAsLong_L0, R0
0x085E	0xF001C062  	MOVFF       calculateFrequency_timerAsLong_L0+1, R1
0x0862	0xF002C063  	MOVFF       calculateFrequency_timerAsLong_L0+2, R2
0x0866	0xF003C064  	MOVFF       calculateFrequency_timerAsLong_L0+3, R3
0x086A	0xF004C01B  	MOVFF       _clockCyclesPerTimerClick, R4
0x086E	0x0E00      	MOVLW       0
0x0870	0x6E05      	MOVWF       R5 
0x0872	0x6E06      	MOVWF       R6 
0x0874	0x6E07      	MOVWF       R7 
0x0876	0xDC31      	RCALL       _Mul_32x32_U
0x0878	0x5016      	MOVF        _interruptDelayClockCycles, 0 
0x087A	0x2400      	ADDWF       R0, 0 
0x087C	0x6E04      	MOVWF       R4 
0x087E	0x0E00      	MOVLW       0
0x0880	0x2001      	ADDWFC      R1, 0 
0x0882	0x6E05      	MOVWF       R5 
0x0884	0x0E00      	MOVLW       0
0x0886	0x2002      	ADDWFC      R2, 0 
0x0888	0x6E06      	MOVWF       R6 
0x088A	0x0E00      	MOVLW       0
0x088C	0x2003      	ADDWFC      R3, 0 
0x088E	0x6E07      	MOVWF       R7 
;frequencycounter.c,144 :: 		return clockCyclesPerSecondTimesFactor / clockCycles;
0x0890	0xF000C017  	MOVFF       _clockCyclesPerSecondTimesFactor, R0
0x0894	0xF001C018  	MOVFF       _clockCyclesPerSecondTimesFactor+1, R1
0x0898	0xF002C019  	MOVFF       _clockCyclesPerSecondTimesFactor+2, R2
0x089C	0xF003C01A  	MOVFF       _clockCyclesPerSecondTimesFactor+3, R3
0x08A0	0xDC95      	RCALL       _Div_32x32_U
;frequencycounter.c,145 :: 		}
L_end_calculateFrequency:
0x08A2	0x0012      	RETURN      0
; end of _calculateFrequency
_Lcd_Out_Timer:
;frequencycounter.c,265 :: 		void Lcd_Out_Timer(unsigned short row, unsigned short col, unsigned int number){
;frequencycounter.c,267 :: 		digits[0] = number % 10;
0x08A4	0x0E0A      	MOVLW       10
0x08A6	0x6E04      	MOVWF       R4 
0x08A8	0x0E00      	MOVLW       0
0x08AA	0x6E05      	MOVWF       R5 
0x08AC	0xF000C063  	MOVFF       FARG_Lcd_Out_Timer_number, R0
0x08B0	0xF001C064  	MOVFF       FARG_Lcd_Out_Timer_number+1, R1
0x08B4	0xDC6A      	RCALL       _Div_16x16_U
0x08B6	0xF000C008  	MOVFF       R8, R0
0x08BA	0xF001C009  	MOVFF       R9, R1
0x08BE	0xF065C000  	MOVFF       R0, Lcd_Out_Timer_digits_L0
;frequencycounter.c,268 :: 		digits[1] = (number / 10) % 10;
0x08C2	0x0E0A      	MOVLW       10
0x08C4	0x6E04      	MOVWF       R4 
0x08C6	0x0E00      	MOVLW       0
0x08C8	0x6E05      	MOVWF       R5 
0x08CA	0xF000C063  	MOVFF       FARG_Lcd_Out_Timer_number, R0
0x08CE	0xF001C064  	MOVFF       FARG_Lcd_Out_Timer_number+1, R1
0x08D2	0xDC5B      	RCALL       _Div_16x16_U
0x08D4	0x0E0A      	MOVLW       10
0x08D6	0x6E04      	MOVWF       R4 
0x08D8	0x0E00      	MOVLW       0
0x08DA	0x6E05      	MOVWF       R5 
0x08DC	0xDC56      	RCALL       _Div_16x16_U
0x08DE	0xF000C008  	MOVFF       R8, R0
0x08E2	0xF001C009  	MOVFF       R9, R1
0x08E6	0xF066C000  	MOVFF       R0, Lcd_Out_Timer_digits_L0+1
;frequencycounter.c,269 :: 		digits[2] = (number / 100) % 10;
0x08EA	0x0E64      	MOVLW       100
0x08EC	0x6E04      	MOVWF       R4 
0x08EE	0x0E00      	MOVLW       0
0x08F0	0x6E05      	MOVWF       R5 
0x08F2	0xF000C063  	MOVFF       FARG_Lcd_Out_Timer_number, R0
0x08F6	0xF001C064  	MOVFF       FARG_Lcd_Out_Timer_number+1, R1
0x08FA	0xDC47      	RCALL       _Div_16x16_U
0x08FC	0x0E0A      	MOVLW       10
0x08FE	0x6E04      	MOVWF       R4 
0x0900	0x0E00      	MOVLW       0
0x0902	0x6E05      	MOVWF       R5 
0x0904	0xDC42      	RCALL       _Div_16x16_U
0x0906	0xF000C008  	MOVFF       R8, R0
0x090A	0xF001C009  	MOVFF       R9, R1
0x090E	0xF067C000  	MOVFF       R0, Lcd_Out_Timer_digits_L0+2
;frequencycounter.c,270 :: 		digits[3] = (number / 1000) % 10;
0x0912	0x0EE8      	MOVLW       232
0x0914	0x6E04      	MOVWF       R4 
0x0916	0x0E03      	MOVLW       3
0x0918	0x6E05      	MOVWF       R5 
0x091A	0xF000C063  	MOVFF       FARG_Lcd_Out_Timer_number, R0
0x091E	0xF001C064  	MOVFF       FARG_Lcd_Out_Timer_number+1, R1
0x0922	0xDC33      	RCALL       _Div_16x16_U
0x0924	0x0E0A      	MOVLW       10
0x0926	0x6E04      	MOVWF       R4 
0x0928	0x0E00      	MOVLW       0
0x092A	0x6E05      	MOVWF       R5 
0x092C	0xDC2E      	RCALL       _Div_16x16_U
0x092E	0xF000C008  	MOVFF       R8, R0
0x0932	0xF001C009  	MOVFF       R9, R1
0x0936	0xF068C000  	MOVFF       R0, Lcd_Out_Timer_digits_L0+3
;frequencycounter.c,271 :: 		digits[4] = (number / 10000) % 10;
0x093A	0x0E10      	MOVLW       16
0x093C	0x6E04      	MOVWF       R4 
0x093E	0x0E27      	MOVLW       39
0x0940	0x6E05      	MOVWF       R5 
0x0942	0xF000C063  	MOVFF       FARG_Lcd_Out_Timer_number, R0
0x0946	0xF001C064  	MOVFF       FARG_Lcd_Out_Timer_number+1, R1
0x094A	0xDC1F      	RCALL       _Div_16x16_U
0x094C	0x0E0A      	MOVLW       10
0x094E	0x6E04      	MOVWF       R4 
0x0950	0x0E00      	MOVLW       0
0x0952	0x6E05      	MOVWF       R5 
0x0954	0xDC1A      	RCALL       _Div_16x16_U
0x0956	0xF000C008  	MOVFF       R8, R0
0x095A	0xF001C009  	MOVFF       R9, R1
0x095E	0xF069C000  	MOVFF       R0, Lcd_Out_Timer_digits_L0+4
;frequencycounter.c,273 :: 		Lcd_Chr(row, col+4, 48 + digits[0]);
0x0962	0xF06AC061  	MOVFF       FARG_Lcd_Out_Timer_row, FARG_Lcd_Chr_row
0x0966	0x0E04      	MOVLW       4
0x0968	0x0100      	MOVLB       0
0x096A	0x2562      	ADDWF       FARG_Lcd_Out_Timer_col, 0, 1
0x096C	0x6F6B      	MOVWF       FARG_Lcd_Chr_column, 1
0x096E	0x5165      	MOVF        Lcd_Out_Timer_digits_L0, 0, 1
0x0970	0x0F30      	ADDLW       48
0x0972	0x6F6C      	MOVWF       FARG_Lcd_Chr_out_char, 1
0x0974	0xF000EC96  	CALL        _Lcd_Chr, 0
;frequencycounter.c,274 :: 		Lcd_Chr(row, col+3, 48 + digits[1]);
0x0978	0xF06AC061  	MOVFF       FARG_Lcd_Out_Timer_row, FARG_Lcd_Chr_row
0x097C	0x0E03      	MOVLW       3
0x097E	0x2562      	ADDWF       FARG_Lcd_Out_Timer_col, 0, 1
0x0980	0x6F6B      	MOVWF       FARG_Lcd_Chr_column, 1
0x0982	0x5166      	MOVF        Lcd_Out_Timer_digits_L0+1, 0, 1
0x0984	0x0F30      	ADDLW       48
0x0986	0x6F6C      	MOVWF       FARG_Lcd_Chr_out_char, 1
0x0988	0xF000EC96  	CALL        _Lcd_Chr, 0
;frequencycounter.c,275 :: 		Lcd_Chr(row, col+2, 48 + digits[2]);
0x098C	0xF06AC061  	MOVFF       FARG_Lcd_Out_Timer_row, FARG_Lcd_Chr_row
0x0990	0x0E02      	MOVLW       2
0x0992	0x2562      	ADDWF       FARG_Lcd_Out_Timer_col, 0, 1
0x0994	0x6F6B      	MOVWF       FARG_Lcd_Chr_column, 1
0x0996	0x5167      	MOVF        Lcd_Out_Timer_digits_L0+2, 0, 1
0x0998	0x0F30      	ADDLW       48
0x099A	0x6F6C      	MOVWF       FARG_Lcd_Chr_out_char, 1
0x099C	0xF000EC96  	CALL        _Lcd_Chr, 0
;frequencycounter.c,276 :: 		Lcd_Chr(row, col+1, 48 + digits[3]);
0x09A0	0xF06AC061  	MOVFF       FARG_Lcd_Out_Timer_row, FARG_Lcd_Chr_row
0x09A4	0x5162      	MOVF        FARG_Lcd_Out_Timer_col, 0, 1
0x09A6	0x0F01      	ADDLW       1
0x09A8	0x6F6B      	MOVWF       FARG_Lcd_Chr_column, 1
0x09AA	0x5168      	MOVF        Lcd_Out_Timer_digits_L0+3, 0, 1
0x09AC	0x0F30      	ADDLW       48
0x09AE	0x6F6C      	MOVWF       FARG_Lcd_Chr_out_char, 1
0x09B0	0xF000EC96  	CALL        _Lcd_Chr, 0
;frequencycounter.c,277 :: 		Lcd_Chr(row, col, 48 + digits[4]);
0x09B4	0xF06AC061  	MOVFF       FARG_Lcd_Out_Timer_row, FARG_Lcd_Chr_row
0x09B8	0xF06BC062  	MOVFF       FARG_Lcd_Out_Timer_col, FARG_Lcd_Chr_column
0x09BC	0x5169      	MOVF        Lcd_Out_Timer_digits_L0+4, 0, 1
0x09BE	0x0F30      	ADDLW       48
0x09C0	0x6F6C      	MOVWF       FARG_Lcd_Chr_out_char, 1
0x09C2	0xF000EC96  	CALL        _Lcd_Chr, 0
;frequencycounter.c,278 :: 		}
L_end_Lcd_Out_Timer:
0x09C6	0x0012      	RETURN      0
; end of _Lcd_Out_Timer
_main:
0x09C8	0xF005EC3E  	CALL        2684, 0
;frequencycounter.c,95 :: 		void main(){
;frequencycounter.c,99 :: 		hardwareInit() ;
0x09CC	0xDDEC      	RCALL       _hardwareInit
;frequencycounter.c,100 :: 		frequencyCalculatorInit(100);
0x09CE	0x0E64      	MOVLW       100
0x09D0	0x6E5E      	MOVWF       FARG_frequencyCalculatorInit_factor 
0x09D2	0xDE39      	RCALL       _frequencyCalculatorInit
;frequencycounter.c,101 :: 		Lcd_Init();
0x09D4	0xDD9D      	RCALL       _Lcd_Init
;frequencycounter.c,102 :: 		Lcd_Cmd(_LCD_CLEAR);
0x09D6	0x0E01      	MOVLW       1
0x09D8	0x0100      	MOVLB       0
0x09DA	0x6F6D      	MOVWF       FARG_Lcd_Cmd_out_char, 1
0x09DC	0xF000EC2E  	CALL        _Lcd_Cmd, 0
;frequencycounter.c,103 :: 		Lcd_Cmd(_LCD_CURSOR_OFF);
0x09E0	0x0E0C      	MOVLW       12
0x09E2	0x6F6D      	MOVWF       FARG_Lcd_Cmd_out_char, 1
0x09E4	0xF000EC2E  	CALL        _Lcd_Cmd, 0
;frequencycounter.c,104 :: 		Lcd_Out(1,1,txt1);
0x09E8	0x0E01      	MOVLW       1
0x09EA	0x6F61      	MOVWF       FARG_Lcd_Out_row, 1
0x09EC	0x0E01      	MOVLW       1
0x09EE	0x6F62      	MOVWF       FARG_Lcd_Out_column, 1
0x09F0	0x0E1E      	MOVLW       _txt1
0x09F2	0x6F63      	MOVWF       FARG_Lcd_Out_text, 1
0x09F4	0x0E00      	MOVLW       hi_addr(_txt1)
0x09F6	0x6F64      	MOVWF       FARG_Lcd_Out_text+1, 1
0x09F8	0xDDE7      	RCALL       _Lcd_Out
;frequencycounter.c,105 :: 		Lcd_Out(2,1,txt2);
0x09FA	0x0E02      	MOVLW       2
0x09FC	0x6F61      	MOVWF       FARG_Lcd_Out_row, 1
0x09FE	0x0E01      	MOVLW       1
0x0A00	0x6F62      	MOVWF       FARG_Lcd_Out_column, 1
0x0A02	0x0E2A      	MOVLW       _txt2
0x0A04	0x6F63      	MOVWF       FARG_Lcd_Out_text, 1
0x0A06	0x0E00      	MOVLW       hi_addr(_txt2)
0x0A08	0x6F64      	MOVWF       FARG_Lcd_Out_text+1, 1
0x0A0A	0xDDDE      	RCALL       _Lcd_Out
;frequencycounter.c,107 :: 		startCapture();                    // first capture
0x0A0C	0xDD71      	RCALL       _startCapture
;frequencycounter.c,108 :: 		do {
L_main0:
;frequencycounter.c,110 :: 		if(pulsesCaptured > pulsesToCapture){
0x0A0E	0x5036      	MOVF        _pulsesCaptured, 0 
0x0A10	0x0810      	SUBLW       16
0x0A12	0xE221      	BC          L_main3
;frequencycounter.c,111 :: 		average = getAverageCapture();
0x0A14	0xDED4      	RCALL       _getAverageCapture
0x0A16	0xF05CC000  	MOVFF       R0, main_average_L0
0x0A1A	0xF05DC001  	MOVFF       R1, main_average_L0+1
;frequencycounter.c,112 :: 		frequency = calculateFrequency(average);
0x0A1E	0xF05EC000  	MOVFF       R0, FARG_calculateFrequency_timer
0x0A22	0xF05FC001  	MOVFF       R1, FARG_calculateFrequency_timer+1
0x0A26	0xDF11      	RCALL       _calculateFrequency
0x0A28	0xF05AC000  	MOVFF       R0, main_frequency_L0
0x0A2C	0xF05BC001  	MOVFF       R1, main_frequency_L0+1
;frequencycounter.c,113 :: 		Lcd_Out_Timer(1, 12, average);
0x0A30	0x0E01      	MOVLW       1
0x0A32	0x6F61      	MOVWF       FARG_Lcd_Out_Timer_row, 1
0x0A34	0x0E0C      	MOVLW       12
0x0A36	0x6F62      	MOVWF       FARG_Lcd_Out_Timer_col, 1
0x0A38	0xF063C05C  	MOVFF       main_average_L0, FARG_Lcd_Out_Timer_number
0x0A3C	0xF064C05D  	MOVFF       main_average_L0+1, FARG_Lcd_Out_Timer_number+1
0x0A40	0xDF31      	RCALL       _Lcd_Out_Timer
;frequencycounter.c,114 :: 		Lcd_Out_Freq(2, 11, frequency);
0x0A42	0x0E02      	MOVLW       2
0x0A44	0x6F61      	MOVWF       FARG_Lcd_Out_Freq_row, 1
0x0A46	0x0E0B      	MOVLW       11
0x0A48	0x6F62      	MOVWF       FARG_Lcd_Out_Freq_col, 1
0x0A4A	0xF063C05A  	MOVFF       main_frequency_L0, FARG_Lcd_Out_Freq_number
0x0A4E	0xF064C05B  	MOVFF       main_frequency_L0+1, FARG_Lcd_Out_Freq_number+1
0x0A52	0xDE15      	RCALL       _Lcd_Out_Freq
;frequencycounter.c,115 :: 		startCapture();
0x0A54	0xDD4D      	RCALL       _startCapture
;frequencycounter.c,116 :: 		}
L_main3:
;frequencycounter.c,117 :: 		} while (1);
0x0A56	0xD7DB      	BRA         L_main0
;frequencycounter.c,118 :: 		}
L_end_main:
0x0A58	0xD7FF      	BRA         $+0
; end of _main
0x0A7C	0xF016EE10  	LFSR        1, 22
0x0A80	0x0E21      	MOVLW       33
0x0A82	0x6E00      	MOVWF       R0 
0x0A84	0x0E01      	MOVLW       1
0x0A86	0x6E01      	MOVWF       R1 
0x0A88	0x0E5A      	MOVLW       90
0x0A8A	0x6EF6      	MOVWF       4086 
0x0A8C	0x0E0A      	MOVLW       10
0x0A8E	0x6EF7      	MOVWF       TBLPTRH 
0x0A90	0x0E00      	MOVLW       0
0x0A92	0x6EF8      	MOVWF       TBLPTRU 
0x0A94	0xF002EC80  	CALL        1280, 0
0x0A98	0x0012      	RETURN      0
;frequencycounter.c,0 :: ?ICS_interruptDelayClockCycles
0x0A5A	0x00 ;?ICS_interruptDelayClockCycles+0
; end of ?ICS_interruptDelayClockCycles
;frequencycounter.c,0 :: ?ICS_clockCyclesPerSecondTimesFactor
0x0A5B	0x0000 ;?ICS_clockCyclesPerSecondTimesFactor+0
0x0A5D	0x0000 ;?ICS_clockCyclesPerSecondTimesFactor+2
; end of ?ICS_clockCyclesPerSecondTimesFactor
;frequencycounter.c,0 :: ?ICS_clockCyclesPerTimerClick
0x0A5F	0x00 ;?ICS_clockCyclesPerTimerClick+0
; end of ?ICS_clockCyclesPerTimerClick
;frequencycounter.c,0 :: ?ICS_capturedData
0x0A60	0x0000 ;?ICS_capturedData+0
; end of ?ICS_capturedData
;frequencycounter.c,0 :: ?ICS_txt1
0x0A62	0x6954 ;?ICS_txt1+0
0x0A64	0x656D ;?ICS_txt1+2
0x0A66	0x2E72 ;?ICS_txt1+4
0x0A68	0x2E2E ;?ICS_txt1+6
0x0A6A	0x3A2E ;?ICS_txt1+8
0x0A6C	0x0020 ;?ICS_txt1+10
; end of ?ICS_txt1
;frequencycounter.c,0 :: ?ICS_txt2
0x0A6E	0x7246 ;?ICS_txt2+0
0x0A70	0x7165 ;?ICS_txt2+2
0x0A72	0x6575 ;?ICS_txt2+4
0x0A74	0x636E ;?ICS_txt2+6
0x0A76	0x3A79 ;?ICS_txt2+8
0x0A78	0x0020 ;?ICS_txt2+10
; end of ?ICS_txt2
;frequencycounter.c,0 :: ?ICS_pulsesCaptured
0x0A7A	0x00 ;?ICS_pulsesCaptured+0
; end of ?ICS_pulsesCaptured
Symbol List:
//** Routines locations **
//ADDRESS    SIZE    PROCEDURE
//----------------------------------------------
0x0008      [40]    _interrupt
0x0030      [22]    _Delay_5500us
0x0046      [10]    _Delay_50us
0x0050      [12]    _Delay_1us
0x005C     [126]    _Lcd_Cmd
0x00DA      [82]    _Mul_32x32_U
0x012C      [94]    _Lcd_Chr
0x018A      [54]    _Div_16x16_U
0x01C0      [12]    _Lcd_Chr_CP
0x01CC     [748]    _Div_32x32_U
0x04B8      [56]    _storeInput
0x04F0      [16]    _startCapture
0x0500      [16]    ___CC2DW
0x0510     [150]    _Lcd_Init
0x05A6      [34]    _hardwareInit
0x05C8     [126]    _Lcd_Out
0x0646      [56]    _frequencyCalculatorInit
0x067E     [320]    _Lcd_Out_Freq
0x07BE     [140]    _getAverageCapture
0x084A      [90]    _calculateFrequency
0x08A4     [292]    _Lcd_Out_Timer
0x09C8     [146]    _main
//** Variables locations ** 
//ADDRESS    SIZE    VARIABLE
//----------------------------------------------
0x0000       [1]    SPI1_Write_tmp_L0
0x0000       [1]    R0
0x0000       [1]    FLASH_Erase_64_SaveINTCON_L0
0x0000       [1]    EEPROM_Write_SaveINTCON_L0
0x0000       [1]    __Lib_SoftI2C_PutZerosToLATScl_temp_scl_L0
0x0000       [1]    __Lib_SoftI2C_PutZerosToLATSda_temp_sda_L0
0x0000       [1]    UART1_Init_tmp_L0
0x0001       [1]    FLASH_Erase_Write_64_i_L0
0x0001       [1]    __Lib_PS2_Wait_Falling_nsample_L0
0x0001       [1]    ispunct_rslt_L0
0x0001       [1]    FLASH_Write_8_i_L0
0x0001       [1]    R1
0x0001       [1]    I2C1_Rd_tmp_L0
0x0001       [2]    FLASH_Read_N_Bytes_i_L0
0x0001       [1]    UART1_Read___tmp_UART1_Read_L0
0x0002       [2]    memcpy_dd_L0
0x0002       [1]    R2
0x0002       [1]    FLASH_Write_8_SaveINTCON_L0
0x0002       [2]    strlen_cp_L0
0x0002       [1]    FLASH_Erase_Write_64_j_L0
0x0002       [2]    memset_pp_L0
0x0002       [2]    memchr_s_L0
0x0003       [1]    __Lib_CAN_C_A_CANIDToRegs_loVal_L0
0x0003       [2]    Ltrim_original_L0
0x0003       [2]    __Lib_MmcFat16_f16_toInt_l_L0
0x0003       [1]    FLASH_Erase_Write_64_SaveINTCON_L0
0x0003       [1]    R3
0x0003       [2]    memmove_tt_L0
0x0004       [2]    memcpy_ss_L0
0x0004       [2]    strcat_cp_L0
0x0004       [2]    strncpy_cp_L0
0x0004       [2]    strncat_cp_L0
0x0004       [2]    frexp_pom_L0
0x0004       [1]    R4
0x0004       [2]    strcpy_cp_L0
0x0004       [1]    __Lib_CAN_C_A_CANIDToRegs_hiVal_L0
0x0005       [2]    LongWordToHex_input_half_L0
0x0005       [2]    Ltrim_p_L0
0x0005       [2]    LongIntToHex_input_half_L0
0x0005       [2]    memmove_ff_L0
0x0005       [1]    __Lib_CAN_C_A_CANIDToRegs_hrVal_L0
0x0005       [1]    R5
0x0005       [1]    getAverageCapture_i_L0
0x0006       [1]    __Lib_CAN_C_A_CANIDToRegs_hsVal_L0
0x0006       [1]    R6
0x0007       [1]    R7
0x0008       [1]    R8
0x0009       [4]    __Lib_MmcFat16_f16_toLong_l_L0
0x0009       [1]    R9
0x000A       [1]    R10
0x000B       [1]    R11
0x000C       [1]    R12
0x000D       [1]    R13
0x000E       [1]    R14
0x000F       [1]    R15
0x0010       [1]    R16
0x0011       [1]    R17
0x0012       [1]    R18
0x0013       [1]    R19
0x0014       [1]    R20
0x0016       [1]    _interruptDelayClockCycles
0x0017       [4]    _clockCyclesPerSecondTimesFactor
0x001B       [1]    _clockCyclesPerTimerClick
0x001C       [2]    _capturedData
0x001E      [12]    _txt1
0x002A      [12]    _txt2
0x0036       [1]    _pulsesCaptured
0x0037       [0]    __Lib_Lcd_cmd_status
0x0038       [2]    _pCaptures
0x003A      [32]    _captures
0x005A       [2]    main_frequency_L0
0x005C       [2]    main_average_L0
0x005E       [1]    Lcd_Out_i_L0
0x005E       [1]    FARG_frequencyCalculatorInit_factor
0x005E       [2]    FARG_calculateFrequency_timer
0x0060       [1]    FARG_Lcd_Chr_CP_out_char
0x0061       [1]    FARG_Lcd_Out_row
0x0061       [4]    getAverageCapture_sum_L0
0x0061       [1]    FARG_Lcd_Out_Timer_row
0x0061       [4]    calculateFrequency_timerAsLong_L0
0x0061       [1]    FARG_Lcd_Out_Freq_row
0x0062       [1]    FARG_Lcd_Out_Freq_col
0x0062       [1]    FARG_Lcd_Out_column
0x0062       [1]    FARG_Lcd_Out_Timer_col
0x0063       [2]    FARG_Lcd_Out_text
0x0063       [2]    FARG_Lcd_Out_Timer_number
0x0063       [2]    FARG_Lcd_Out_Freq_number
0x0065       [5]    Lcd_Out_Timer_digits_L0
0x0065       [5]    Lcd_Out_Freq_digits_L0
0x006A       [1]    FARG_Lcd_Chr_row
0x006B       [1]    FARG_Lcd_Chr_column
0x006C       [1]    FARG_Lcd_Chr_out_char
0x006D       [1]    FARG_Lcd_Cmd_out_char
0x0F80       [1]    PORTA
0x0F81       [0]    LCD_D6
0x0F81       [0]    LCD_D7
0x0F81       [0]    LCD_D5
0x0F81       [0]    LCD_RS
0x0F81       [0]    LCD_EN
0x0F81       [0]    LCD_D4
0x0F81       [0]    RB6_bit
0x0F81       [0]    RB7_bit
0x0F81       [0]    RB5_bit
0x0F81       [0]    RB2_bit
0x0F81       [0]    RB3_bit
0x0F81       [0]    RB4_bit
0x0F82       [1]    PORTC
0x0F92       [1]    TRISA
0x0F93       [0]    TRISB6_bit
0x0F93       [0]    TRISB5_bit
0x0F93       [0]    TRISB7_bit
0x0F93       [0]    LCD_EN_Direction
0x0F93       [0]    LCD_RS_Direction
0x0F93       [0]    TRISB2_bit
0x0F93       [0]    TRISB4_bit
0x0F93       [0]    TRISB3_bit
0x0F93       [0]    LCD_D6_Direction
0x0F93       [0]    LCD_D7_Direction
0x0F93       [0]    LCD_D5_Direction
0x0F93       [0]    LCD_D4_Direction
0x0F94       [1]    TRISC
0x0F9D       [1]    PIE1
0x0F9E       [1]    PIR1
0x0FBD       [1]    CCP1CON
0x0FBE       [1]    CCPR1L
0x0FBF       [1]    CCPR1H
0x0FC1       [1]    ADCON1
0x0FCD       [1]    T1CON
0x0FCE       [1]    TMR1L
0x0FCF       [1]    TMR1H
0x0FD8       [1]    STATUS
0x0FD9       [1]    FSR2L
0x0FDA       [1]    FSR2H
0x0FDE       [1]    POSTINC2
0x0FE0       [1]    BSR
0x0FE1       [1]    FSR1L
0x0FE2       [1]    FSR1H
0x0FE4       [1]    PREINC1
0x0FE6       [1]    POSTINC1
0x0FE7       [1]    INDF1
0x0FE8       [1]    WREG
0x0FE9       [1]    FSR0L
0x0FEA       [1]    FSR0H
0x0FEE       [1]    POSTINC0
0x0FF2       [1]    INTCON
0x0FF3       [1]    PRODL
0x0FF4       [1]    PRODH
0x0FF5       [1]    TABLAT
0x0FF6       [1]    TBLPTRL
0x0FF7       [1]    TBLPTRH
0x0FF8       [1]    TBLPTRU
//** Constants locations ** 
//ADDRESS    SIZE    CONSTANT
//----------------------------------------------
0x0A5A       [1]    ?ICS_interruptDelayClockCycles
0x0A5B       [4]    ?ICS_clockCyclesPerSecondTimesFactor
0x0A5F       [1]    ?ICS_clockCyclesPerTimerClick
0x0A60       [2]    ?ICS_capturedData
0x0A62      [12]    ?ICS_txt1
0x0A6E      [12]    ?ICS_txt2
0x0A7A       [1]    ?ICS_pulsesCaptured
//** Label List: ** 
//----------------------------------------------
  L_main0
  L_main1
  L_main2
  L_main3
  L_getAverageCapture4
  L_getAverageCapture5
  L_getAverageCapture6
  L_interrupt7
  L_storeInput8
  L_storeInput9
  L_Lcd_Out_Freq10
  L_Lcd_Out_Freq11
  L_end_main
  _main
  L_end_startCapture
  _startCapture
  L_end_calculateFrequency
  _calculateFrequency
  L_end_getAverageCapture
  _getAverageCapture
  L__getAverageCapture16
  L__getAverageCapture17
  L_end_hardwareInit
  _hardwareInit
  L_end_frequencyCalculatorInit
  _frequencyCalculatorInit
  L_end_interrupt
  _interrupt
  L__interrupt21
  L_end_storeInput
  _storeInput
  L_end_Lcd_Out_Timer
  _Lcd_Out_Timer
  L_end_Lcd_Out_Freq
  _Lcd_Out_Freq
  L_Delay_10us0
  L_Delay_22us1
  L_Delay_50us2
  L_Delay_80us3
  L_Delay_500us4
  L_Delay_5500us5
  L_Delay_1ms6
  L_Delay_5ms7
  L_Delay_8ms8
  L_Delay_100ms9
  L_Delay_10ms10
  L_Delay_1sec11
  L____Boot_Delay4k12
  L____Boot_Delay8k13
  L____Boot_Delay12k14
  L____Boot_Delay16k15
  L____Boot_Delay24k16
  L____Boot_Delay32k17
  L____Boot_Delay48k18
  L____Boot_Delay64k19
  L____Boot_Delay128k20
  L_Delay_Cyc21
  L_Delay_Cyc22
  L_VDelay_ms23
  L_VDelay_ms24
  L_VDelay_ms25
  L_VDelay_Advanced_ms26
  L_VDelay_Advanced_ms27
  L_VDelay_Advanced_ms28
  L_end_Get_Fosc_kHz
  _Get_Fosc_kHz
  L_end_Delay_1us
  _Delay_1us
  L_end_Delay_10us
  _Delay_10us
  L_end_Delay_22us
  _Delay_22us
  L_end_Delay_50us
  _Delay_50us
  L_end_Delay_80us
  _Delay_80us
  L_end_Delay_500us
  _Delay_500us
  L_end_Delay_5500us
  _Delay_5500us
  L_end_Delay_1ms
  _Delay_1ms
  L_end_Delay_5ms
  _Delay_5ms
  L_end_Delay_8ms
  _Delay_8ms
  L_end_Delay_100ms
  _Delay_100ms
  L_end_Delay_10ms
  _Delay_10ms
  L_end_Delay_1sec
  _Delay_1sec
  L_end____Boot_Delay4k
  ____Boot_Delay4k
  L_end____Boot_Delay8k
  ____Boot_Delay8k
  L_end____Boot_Delay12k
  ____Boot_Delay12k
  L_end____Boot_Delay16k
  ____Boot_Delay16k
  L_end____Boot_Delay24k
  ____Boot_Delay24k
  L_end____Boot_Delay32k
  ____Boot_Delay32k
  L_end____Boot_Delay48k
  ____Boot_Delay48k
  L_end____Boot_Delay64k
  ____Boot_Delay64k
  L_end____Boot_Delay128k
  ____Boot_Delay128k
  L_end_Delay_Cyc
  _Delay_Cyc
  L_end_VDelay_ms
  _VDelay_ms
  L__VDelay_ms54
  L__VDelay_ms55
  L__VDelay_ms56
  L_end_VDelay_Advanced_ms
  _VDelay_Advanced_ms
  L__VDelay_Advanced_ms58
  L__VDelay_Advanced_ms59
  L__VDelay_Advanced_ms60
  L_Lcd_Cmd0
  L_Lcd_Cmd1
  L_Lcd_Out_CP2
  L_Lcd_Out_CP3
  L_Lcd_Chr4
  L_Lcd_Chr5
  L_Lcd_Chr6
  L_Lcd_Chr7
  L_Lcd_Chr8
  L_Lcd_Chr9
  L_Lcd_Chr10
  L_Lcd_Out11
  L_Lcd_Out12
  L_Lcd_Out13
  L_Lcd_Out14
  L_Lcd_Out15
  L_Lcd_Out16
  L_Lcd_Out17
  L_Lcd_Out18
  L_Lcd_Out19
  L_end_Lcd_Cmd
  _Lcd_Cmd
  L__Lcd_Cmd21
  L__Lcd_Cmd22
  L__Lcd_Cmd23
  L__Lcd_Cmd24
  L__Lcd_Cmd25
  L__Lcd_Cmd26
  L__Lcd_Cmd27
  L__Lcd_Cmd28
  L__Lcd_Cmd29
  L__Lcd_Cmd30
  L__Lcd_Cmd31
  L__Lcd_Cmd32
  L__Lcd_Cmd33
  L__Lcd_Cmd34
  L__Lcd_Cmd35
  L__Lcd_Cmd36
  L__Lcd_Cmd37
  L__Lcd_Cmd38
  L__Lcd_Cmd39
  L__Lcd_Cmd40
  L_end_Lcd_Chr_CP
  _Lcd_Chr_CP
  L_end_Lcd_Out_CP
  _Lcd_Out_CP
  L_end_Lcd_Chr
  _Lcd_Chr
  L_end_Lcd_Init
  _Lcd_Init
  L_end_Lcd_Out
  _Lcd_Out
  L_Div_16x16_S0
  L_Div_16x16_S1
  LOOPS3232A
  SADD22LA
  SOK22LA
  SADD22L8
  SOK22L8
  LOOPS3232B
  SADD22LB
  SOK22LB
  SADD22L16
  SOK22L16
  LOOPS3232C
  SADD22LC
  SOK22LC
  SADD22L24
  SOK22L24
  LOOPS3232D
  SADD22LD
  SOK22LD
  SOK22L
  L_Div_32x32_S6
  L_Div_32x32_S7
  L_Div_32x32_S8
  L_Div_32x32_S9
  FXD3232S
  END_ALL
  CA3232S
  C3232SX
  C3232SX1
  C3232S
  C3232S2
  C3232SX4
  C3232SOK
  C3232SX3
  C3232SX2
  avoid_comfrem
  LOOPU3232A
  UADD22LA
  UOK22LA
  UADD22L8
  UOK22L8
  LOOPU3232B
  UADD22LB
  UOK22LB
  UADD22L16
  UOK22L16
  LOOPU3232C
  UADD22LC
  UOK22LC
  UADD22L24
  UOK22L24
  LOOPU3232D
  UADD22LD
  UOK22LD
  UOK22L
  _NEXT
  _EXIT2
  _LOOP
  _EXIT1
  _IF_FIRST
  _IF_SECOND
  _INVERCE_FIRST
  _MULT
  _INBERSE_SECOND
  _EXIT
  L_end_Div_8x8_U
  _Div_8x8_U
  L_end_Div_16x16_U
  _Div_16x16_U
  L_end_Div_16x16_S_L
  _Div_16x16_S_L
  L_end_Div_16x16_S
  _Div_16x16_S
  L_end_Div_8x8_S
  _Div_8x8_S
  L_end_Mul_8x8_S
  _Mul_8x8_S
  L_end_Mul_16x16_U
  _Mul_16x16_U
  L_end_Mul_16x16_S
  _Mul_16x16_S
  L_end_SDIV3232L
  _SDIV3232L
  L_end_COMFREM
  _COMFREM
  L_end_Div_32x32_S
  _Div_32x32_S
  L_end_Div_32x32_U
  _Div_32x32_U
  L_end_Mul_32x32_U
  _Mul_32x32_U
  L_end_Mul_32x32_S
  _Mul_32x32_S
  _CC2D_Loop1
  _CC2DL_Loop1
  L_loopCA2AWs
  L_loopCCA2AWs
  L_loopCS2Ss
  L_CS2Send
  L_loopCCS2Ss
  L_CCS2Send
  L_loopFZinSWs
  L_longjmp7
  L_end___CC2D
  ___CC2D
  L_end___CC2DW
  ___CC2DW
  L_end___CA2AW
  ___CA2AW
  L_end___CCA2AW
  ___CCA2AW
  L_end___CS2S
  ___CS2S
  L_end___CCS2S
  ___CCS2S
  L_end___FZinS
  ___FZinS
  L_end_____DoIFC
  _____DoIFC
  L_end_Swap
  _Swap
  L_end_setjmp
  _setjmp
  L_end_longjmp
  _longjmp
  L_main0
  L_main1
  L_main2
  L_main3
  L_getAverageCapture4
  L_getAverageCapture5
  L_getAverageCapture6
  L_interrupt7
  L_storeInput8
  L_storeInput9
  L_Lcd_Out_Freq10
  L_Lcd_Out_Freq11
  L_end_main
  _main
  L_end_startCapture
  _startCapture
  L_end_calculateFrequency
  _calculateFrequency
  L_end_getAverageCapture
  _getAverageCapture
  L__getAverageCapture16
  L__getAverageCapture17
  L_end_hardwareInit
  _hardwareInit
  L_end_frequencyCalculatorInit
  _frequencyCalculatorInit
  L_end_interrupt
  _interrupt
  L__interrupt21
  L_end_storeInput
  _storeInput
  L_end_Lcd_Out_Timer
  _Lcd_Out_Timer
  L_end_Lcd_Out_Freq
  _Lcd_Out_Freq
